#
# There is insufficient memory for the Java Runtime Environment to continue.
# Native memory allocation (malloc) failed to allocate 535376 bytes for Chunk::new
# Possible reasons:
#   The system is out of physical RAM or swap space
#   In 32 bit mode, the process size limit was hit
# Possible solutions:
#   Reduce memory load on the system
#   Increase physical memory or swap space
#   Check if swap backing store is full
#   Use 64 bit Java on a 64 bit OS
#   Decrease Java heap size (-Xmx/-Xms)
#   Decrease number of Java threads
#   Decrease Java thread stack sizes (-Xss)
#   Set larger code cache with -XX:ReservedCodeCacheSize=
# This output file may be truncated or incomplete.
#
#  Out of Memory Error (allocation.cpp:390), pid=9316, tid=0x0000000000002e5c
#
# JRE version: Java(TM) SE Runtime Environment (8.0_181-b13) (build 1.8.0_181-b13)
# Java VM: Java HotSpot(TM) 64-Bit Server VM (25.181-b13 mixed mode windows-amd64 compressed oops)
# Failed to write core dump. Minidumps are not enabled by default on client versions of Windows
#

---------------  T H R E A D  ---------------

Current thread (0x000000001ab03000):  JavaThread "C2 CompilerThread1" daemon [_thread_in_native, id=11868, stack(0x000000001b2e0000,0x000000001b3e0000)]

Stack: [0x000000001b2e0000,0x000000001b3e0000]
[error occurred during error reporting (printing stack bounds), id 0xc0000005]

Native frames: (J=compiled Java code, j=interpreted, Vv=VM code, C=native code)


Current CompileTask:
C2: 257358 15886       4       org.gradle.api.internal.artifacts.configurations.DefaultConfiguration::<init> (612 bytes)


---------------  P R O C E S S  ---------------

Java Threads: ( => current thread )
  0x000000001f5fc000 JavaThread "Cache worker for execution history cache (D:\jxh\code\self\eager-platform\.gradle\6.3\executionHistory)" [_thread_blocked, id=19908, stack(0x000000002da60000,0x000000002db60000)]
  0x000000001f5f0800 JavaThread "Execution worker for ':' Thread 7" [_thread_blocked, id=24624, stack(0x000000002d960000,0x000000002da60000)]
  0x000000001f5f7800 JavaThread "Execution worker for ':' Thread 6" [_thread_blocked, id=17192, stack(0x000000002d860000,0x000000002d960000)]
  0x000000001f5f7000 JavaThread "Execution worker for ':' Thread 5" [_thread_blocked, id=1568, stack(0x000000002d760000,0x000000002d860000)]
  0x000000001f5f6000 JavaThread "Execution worker for ':' Thread 4" [_thread_blocked, id=10496, stack(0x000000002d660000,0x000000002d760000)]
  0x000000001f5f5800 JavaThread "Execution worker for ':' Thread 3" [_thread_blocked, id=9528, stack(0x000000002d560000,0x000000002d660000)]
  0x000000001f5ed800 JavaThread "Execution worker for ':' Thread 2" [_thread_blocked, id=20580, stack(0x000000002d460000,0x000000002d560000)]
  0x000000001f5f4800 JavaThread "Execution worker for ':'" [_thread_in_native, id=19672, stack(0x000000002d360000,0x000000002d460000)]
  0x000000001f5f3000 JavaThread "Cache worker for file content cache (D:\jxh\code\self\eager-platform\.gradle\6.3\fileContent)" [_thread_blocked, id=2792, stack(0x000000002d260000,0x000000002d360000)]
  0x000000001f5f2000 JavaThread "Cache worker for Build Output Cleanup Cache (D:\jxh\code\self\eager-platform\.gradle\buildOutputCleanup)" [_thread_blocked, id=21516, stack(0x000000002d160000,0x000000002d260000)]
  0x000000001f5f0000 JavaThread "Build operations Thread 8" [_thread_blocked, id=25004, stack(0x000000002d060000,0x000000002d160000)]
  0x0000000021d2e000 JavaThread "Build operations Thread 7" [_thread_blocked, id=5656, stack(0x000000002cf60000,0x000000002d060000)]
  0x0000000021d2d800 JavaThread "Build operations Thread 6" [_thread_blocked, id=10252, stack(0x000000002ce60000,0x000000002cf60000)]
  0x0000000021d2c000 JavaThread "Build operations Thread 5" [_thread_blocked, id=15196, stack(0x000000002cd60000,0x000000002ce60000)]
  0x0000000021d2b000 JavaThread "Build operations Thread 4" [_thread_blocked, id=4568, stack(0x000000002cc60000,0x000000002cd60000)]
  0x0000000021d29800 JavaThread "Build operations Thread 3" [_thread_blocked, id=16592, stack(0x000000002cb60000,0x000000002cc60000)]
  0x0000000021d29000 JavaThread "Build operations Thread 2" [_thread_blocked, id=19992, stack(0x000000002ca60000,0x000000002cb60000)]
  0x0000000021d2c800 JavaThread "Build operations" [_thread_blocked, id=20216, stack(0x000000002c960000,0x000000002ca60000)]
  0x0000000021d21800 JavaThread "Cache worker for cache directory md-rule (D:\jxh\code\self\eager-platform-cache\caches\6.3\md-rule)" [_thread_blocked, id=14752, stack(0x000000002c860000,0x000000002c960000)]
  0x0000000021d27800 JavaThread "Cache worker for cache directory md-supplier (D:\jxh\code\self\eager-platform-cache\caches\6.3\md-supplier)" [_thread_blocked, id=23928, stack(0x000000002c760000,0x000000002c860000)]
  0x0000000021d23800 JavaThread "Cache worker for file hash cache (D:\jxh\code\self\eager-platform\.gradle\6.3\fileHashes)" [_thread_blocked, id=3160, stack(0x000000002c660000,0x000000002c760000)]
  0x0000000021d23000 JavaThread "Cache worker for checksums cache (D:\jxh\code\self\eager-platform\.gradle\checksums)" [_thread_blocked, id=12876, stack(0x000000002c560000,0x000000002c660000)]
  0x0000000021d26000 JavaThread "Thread-100" [_thread_blocked, id=1588, stack(0x000000002c460000,0x000000002c560000)]
  0x0000000021d28000 JavaThread "Stdin handler" [_thread_blocked, id=19624, stack(0x000000002c360000,0x000000002c460000)]
  0x0000000021d20000 JavaThread "Asynchronous log dispatcher for DefaultDaemonConnection: socket connection from /127.0.0.1:55248 to /127.0.0.1:55512" [_thread_blocked, id=24724, stack(0x000000002c260000,0x000000002c360000)]
  0x0000000021d22000 JavaThread "Daemon worker Thread 3" [_thread_blocked, id=23096, stack(0x000000002c160000,0x000000002c260000)]
  0x0000000021d20800 JavaThread "Cancel handler" [_thread_blocked, id=20096, stack(0x000000002c060000,0x000000002c160000)]
  0x0000000021d24800 JavaThread "Handler for socket connection from /127.0.0.1:55248 to /127.0.0.1:55512" [_thread_in_native, id=15288, stack(0x000000002bf60000,0x000000002c060000)]
  0x0000000021d25000 JavaThread "Daemon Thread 3" [_thread_blocked, id=21192, stack(0x000000002be60000,0x000000002bf60000)]
  0x000000001f5fb800 JavaThread "Cache worker for file content cache (D:\jxh\code\self\eager-platform-cache\caches\6.3\fileContent)" [_thread_blocked, id=25960, stack(0x0000000026ca0000,0x0000000026da0000)]
  0x000000001f5f1800 JavaThread "Memory manager" [_thread_blocked, id=9708, stack(0x0000000026770000,0x0000000026870000)]
  0x000000001f5f3800 JavaThread "Cache worker for execution history cache (D:\jxh\code\self\eager-platform-cache\caches\6.3\executionHistory)" [_thread_blocked, id=22508, stack(0x00000000231f0000,0x00000000232f0000)]
  0x000000001d31c000 JavaThread "Cache worker for file hash cache (D:\jxh\code\self\eager-platform-cache\caches\6.3\fileHashes)" [_thread_blocked, id=20228, stack(0x000000001f350000,0x000000001f450000)]
  0x000000001d31f000 JavaThread "File lock request listener" [_thread_in_native, id=7540, stack(0x000000001f250000,0x000000001f350000)]
  0x000000001d31c800 JavaThread "Cache worker for journal cache (D:\jxh\code\self\eager-platform-cache\caches\journal-1)" [_thread_blocked, id=11644, stack(0x000000001f150000,0x000000001f250000)]
  0x000000001d26c000 JavaThread "Daemon periodic checks" [_thread_blocked, id=17332, stack(0x000000001e550000,0x000000001e650000)]
  0x000000001d26a800 JavaThread "Incoming local TCP Connector on port 55248" [_thread_in_native, id=12996, stack(0x000000001e2a0000,0x000000001e3a0000)]
  0x000000001b8d5000 JavaThread "Daemon health stats" [_thread_blocked, id=19832, stack(0x000000001df80000,0x000000001e080000)]
  0x000000001ab93800 JavaThread "Service Thread" daemon [_thread_blocked, id=9232, stack(0x000000001b5e0000,0x000000001b6e0000)]
  0x000000001ab0c000 JavaThread "C1 CompilerThread3" daemon [_thread_blocked, id=19440, stack(0x000000001b4e0000,0x000000001b5e0000)]
  0x000000001ab06000 JavaThread "C2 CompilerThread2" daemon [_thread_blocked, id=12220, stack(0x000000001b3e0000,0x000000001b4e0000)]
=>0x000000001ab03000 JavaThread "C2 CompilerThread1" daemon [_thread_in_native, id=11868, stack(0x000000001b2e0000,0x000000001b3e0000)]
  0x000000001ab00000 JavaThread "C2 CompilerThread0" daemon [_thread_in_vm, id=22048, stack(0x000000001b1e0000,0x000000001b2e0000)]
  0x000000001aaaa800 JavaThread "Attach Listener" daemon [_thread_blocked, id=9876, stack(0x000000001b0e0000,0x000000001b1e0000)]
  0x000000001aaa9000 JavaThread "Signal Dispatcher" daemon [_thread_blocked, id=20072, stack(0x000000001afe0000,0x000000001b0e0000)]
  0x000000001aa90800 JavaThread "Finalizer" daemon [_thread_blocked, id=10548, stack(0x000000001ae70000,0x000000001af70000)]
  0x0000000003b28000 JavaThread "Reference Handler" daemon [_thread_blocked, id=22352, stack(0x000000001a970000,0x000000001aa70000)]
  0x00000000014ce800 JavaThread "main" [_thread_blocked, id=24244, stack(0x0000000003930000,0x0000000003a30000)]

Other Threads:
  0x0000000018b99800 VMThread [stack: 0x000000001a870000,0x000000001a970000] [id=16724]
  0x000000001ab95000 WatcherThread [stack: 0x000000001b6e0000,0x000000001b7e0000] [id=24968]

VM state:not at safepoint (normal execution)

VM Mutex/Monitor currently owned by a thread:  ([mutex/lock_event])
[0x00000000014cdfc0] CodeCache_lock - owner thread: 0x0000000000000000
[0x0000000003a326e0] CompiledIC_lock - owner thread: 0x000000001ab00000

Heap:
 PSYoungGen      total 634880K, used 89183K [0x00000000d5580000, 0x00000000ff880000, 0x0000000100000000)
  eden space 578560K, 15% used [0x00000000d5580000,0x00000000dac97f18,0x00000000f8a80000)
  from space 56320K, 0% used [0x00000000f8a80000,0x00000000f8a80000,0x00000000fc180000)
  to   space 53248K, 0% used [0x00000000fc480000,0x00000000fc480000,0x00000000ff880000)
 ParOldGen       total 248320K, used 43252K [0x0000000080000000, 0x000000008f280000, 0x00000000d5580000)
  object space 248320K, 17% used [0x0000000080000000,0x0000000082a3d068,0x000000008f280000)
 Metaspace       used 52950K, capacity 56272K, committed 56448K, reserved 1097728K
  class space    used 6957K, capacity 7506K, committed 7552K, reserved 1048576K

Card table byte_map: [0x0000000012ef0000,0x0000000013300000] byte_map_base: 0x0000000012af0000

Marking Bits: (ParMarkBitMap*) 0x0000000077f72d00
 Begin Bits: [0x0000000013db0000, 0x0000000015db0000)
 End Bits:   [0x0000000015db0000, 0x0000000017db0000)

Polling page: 0x0000000000f20000

CodeCache: size=245760Kb used=44665Kb max_used=44754Kb free=201094Kb
 bounds [0x0000000003b30000, 0x0000000006730000, 0x0000000012b30000]
 total_blobs=12929 nmethods=12172 adapters=667
 compilation: enabled

Compilation events (10 events):
Event: 257.168 Thread 0x000000001ab00000 nmethod 15888 0x00000000049900d0 code [0x0000000004990220, 0x0000000004990358]
Event: 257.183 Thread 0x000000001ab06000 15889       4       org.gradle.api.internal.artifacts.ivyservice.resolveengine.graph.CompositeDependencyArtifactsVisitor::startArtifacts (40 bytes)
Event: 257.183 Thread 0x000000001ab00000 15890       4       org.gradle.api.internal.artifacts.ivyservice.resolveengine.graph.CompositeDependencyArtifactsVisitor::finishArtifacts (39 bytes)
Event: 257.188 Thread 0x000000001ab06000 nmethod 15889 0x00000000067057d0 code [0x0000000006705940, 0x0000000006705bd8]
Event: 257.188 Thread 0x000000001ab00000 nmethod 15890 0x00000000049d1390 code [0x00000000049d1500, 0x00000000049d1778]
Event: 257.195 Thread 0x000000001ab00000 15891   !   4       sun.reflect.GeneratedMethodAccessor107::invoke (61 bytes)
Event: 257.196 Thread 0x000000001ab00000 nmethod 15891 0x0000000004980fd0 code [0x0000000004981120, 0x00000000049811f8]
Event: 257.219 Thread 0x000000001ab06000 15892       4       org.gradle.api.internal.artifacts.ivyservice.resolveengine.graph.CompositeDependencyArtifactsVisitor::complete (49 bytes)
Event: 257.224 Thread 0x000000001ab06000 nmethod 15892 0x0000000005143f50 code [0x00000000051440c0, 0x0000000005144398]
Event: 257.234 Thread 0x000000001ab00000 15893       4       java.lang.reflect.Proxy$KeyFactory::apply (13 bytes)

GC Heap History (10 events):
Event: 158.244 GC heap before
{Heap before GC invocations=35 (full 5):
 PSYoungGen      total 624640K, used 590464K [0x00000000d5580000, 0x00000000ffe80000, 0x0000000100000000)
  eden space 558592K, 100% used [0x00000000d5580000,0x00000000f7700000,0x00000000f7700000)
  from space 66048K, 48% used [0x00000000f7700000,0x00000000f9620020,0x00000000fb780000)
  to   space 62976K, 0% used [0x00000000fc100000,0x00000000fc100000,0x00000000ffe80000)
 ParOldGen       total 248320K, used 95168K [0x0000000080000000, 0x000000008f280000, 0x00000000d5580000)
  object space 248320K, 38% used [0x0000000080000000,0x0000000085cf02a0,0x000000008f280000)
 Metaspace       used 52708K, capacity 55970K, committed 56192K, reserved 1097728K
  class space    used 6946K, capacity 7491K, committed 7552K, reserved 1048576K
Event: 158.351 GC heap after
Heap after GC invocations=35 (full 5):
 PSYoungGen      total 628224K, used 36000K [0x00000000d5580000, 0x00000000ffa00000, 0x0000000100000000)
  eden space 569856K, 0% used [0x00000000d5580000,0x00000000d5580000,0x00000000f8200000)
  from space 58368K, 61% used [0x00000000fc100000,0x00000000fe428020,0x00000000ffa00000)
  to   space 61440K, 0% used [0x00000000f8200000,0x00000000f8200000,0x00000000fbe00000)
 ParOldGen       total 248320K, used 125068K [0x0000000080000000, 0x000000008f280000, 0x00000000d5580000)
  object space 248320K, 50% used [0x0000000080000000,0x0000000087a23018,0x000000008f280000)
 Metaspace       used 52708K, capacity 55970K, committed 56192K, reserved 1097728K
  class space    used 6946K, capacity 7491K, committed 7552K, reserved 1048576K
}
Event: 159.727 GC heap before
{Heap before GC invocations=36 (full 5):
 PSYoungGen      total 628224K, used 605856K [0x00000000d5580000, 0x00000000ffa00000, 0x0000000100000000)
  eden space 569856K, 100% used [0x00000000d5580000,0x00000000f8200000,0x00000000f8200000)
  from space 58368K, 61% used [0x00000000fc100000,0x00000000fe428020,0x00000000ffa00000)
  to   space 61440K, 0% used [0x00000000f8200000,0x00000000f8200000,0x00000000fbe00000)
 ParOldGen       total 248320K, used 125068K [0x0000000080000000, 0x000000008f280000, 0x00000000d5580000)
  object space 248320K, 50% used [0x0000000080000000,0x0000000087a23018,0x000000008f280000)
 Metaspace       used 52724K, capacity 56040K, committed 56192K, reserved 1097728K
  class space    used 6947K, capacity 7492K, committed 7552K, reserved 1048576K
Event: 159.853 GC heap after
Heap after GC invocations=36 (full 5):
 PSYoungGen      total 631296K, used 32576K [0x00000000d5580000, 0x00000000ffe00000, 0x0000000100000000)
  eden space 569856K, 0% used [0x00000000d5580000,0x00000000d5580000,0x00000000f8200000)
  from space 61440K, 53% used [0x00000000f8200000,0x00000000fa1d0020,0x00000000fbe00000)
  to   space 58880K, 0% used [0x00000000fc480000,0x00000000fc480000,0x00000000ffe00000)
 ParOldGen       total 248320K, used 158150K [0x0000000080000000, 0x000000008f280000, 0x00000000d5580000)
  object space 248320K, 63% used [0x0000000080000000,0x0000000089a71ac0,0x000000008f280000)
 Metaspace       used 52724K, capacity 56040K, committed 56192K, reserved 1097728K
  class space    used 6947K, capacity 7492K, committed 7552K, reserved 1048576K
}
Event: 161.208 GC heap before
{Heap before GC invocations=37 (full 5):
 PSYoungGen      total 631296K, used 602432K [0x00000000d5580000, 0x00000000ffe00000, 0x0000000100000000)
  eden space 569856K, 100% used [0x00000000d5580000,0x00000000f8200000,0x00000000f8200000)
  from space 61440K, 53% used [0x00000000f8200000,0x00000000fa1d0020,0x00000000fbe00000)
  to   space 58880K, 0% used [0x00000000fc480000,0x00000000fc480000,0x00000000ffe00000)
 ParOldGen       total 248320K, used 158150K [0x0000000080000000, 0x000000008f280000, 0x00000000d5580000)
  object space 248320K, 63% used [0x0000000080000000,0x0000000089a71ac0,0x000000008f280000)
 Metaspace       used 52744K, capacity 56046K, committed 56192K, reserved 1097728K
  class space    used 6950K, capacity 7493K, committed 7552K, reserved 1048576K
Event: 161.310 GC heap after
Heap after GC invocations=37 (full 5):
 PSYoungGen      total 631808K, used 31584K [0x00000000d5580000, 0x00000000ff880000, 0x0000000100000000)
  eden space 578560K, 0% used [0x00000000d5580000,0x00000000d5580000,0x00000000f8a80000)
  from space 53248K, 59% used [0x00000000fc480000,0x00000000fe358000,0x00000000ff880000)
  to   space 56320K, 0% used [0x00000000f8a80000,0x00000000f8a80000,0x00000000fc180000)
 ParOldGen       total 248320K, used 188174K [0x0000000080000000, 0x000000008f280000, 0x00000000d5580000)
  object space 248320K, 75% used [0x0000000080000000,0x000000008b7c3818,0x000000008f280000)
 Metaspace       used 52744K, capacity 56046K, committed 56192K, reserved 1097728K
  class space    used 6950K, capacity 7493K, committed 7552K, reserved 1048576K
}
Event: 256.668 GC heap before
{Heap before GC invocations=38 (full 5):
 PSYoungGen      total 631808K, used 610144K [0x00000000d5580000, 0x00000000ff880000, 0x0000000100000000)
  eden space 578560K, 100% used [0x00000000d5580000,0x00000000f8a80000,0x00000000f8a80000)
  from space 53248K, 59% used [0x00000000fc480000,0x00000000fe358000,0x00000000ff880000)
  to   space 56320K, 0% used [0x00000000f8a80000,0x00000000f8a80000,0x00000000fc180000)
 ParOldGen       total 248320K, used 188174K [0x0000000080000000, 0x000000008f280000, 0x00000000d5580000)
  object space 248320K, 75% used [0x0000000080000000,0x000000008b7c3818,0x000000008f280000)
 Metaspace       used 52949K, capacity 56272K, committed 56448K, reserved 1097728K
  class space    used 6957K, capacity 7506K, committed 7552K, reserved 1048576K
Event: 256.744 GC heap after
Heap after GC invocations=38 (full 5):
 PSYoungGen      total 634880K, used 33648K [0x00000000d5580000, 0x00000000ff880000, 0x0000000100000000)
  eden space 578560K, 0% used [0x00000000d5580000,0x00000000d5580000,0x00000000f8a80000)
  from space 56320K, 59% used [0x00000000f8a80000,0x00000000fab5c110,0x00000000fc180000)
  to   space 53248K, 0% used [0x00000000fc480000,0x00000000fc480000,0x00000000ff880000)
 ParOldGen       total 248320K, used 217519K [0x0000000080000000, 0x000000008f280000, 0x00000000d5580000)
  object space 248320K, 87% used [0x0000000080000000,0x000000008d46bc60,0x000000008f280000)
 Metaspace       used 52949K, capacity 56272K, committed 56448K, reserved 1097728K
  class space    used 6957K, capacity 7506K, committed 7552K, reserved 1048576K
}
Event: 256.744 GC heap before
{Heap before GC invocations=39 (full 6):
 PSYoungGen      total 634880K, used 33648K [0x00000000d5580000, 0x00000000ff880000, 0x0000000100000000)
  eden space 578560K, 0% used [0x00000000d5580000,0x00000000d5580000,0x00000000f8a80000)
  from space 56320K, 59% used [0x00000000f8a80000,0x00000000fab5c110,0x00000000fc180000)
  to   space 53248K, 0% used [0x00000000fc480000,0x00000000fc480000,0x00000000ff880000)
 ParOldGen       total 248320K, used 217519K [0x0000000080000000, 0x000000008f280000, 0x00000000d5580000)
  object space 248320K, 87% used [0x0000000080000000,0x000000008d46bc60,0x000000008f280000)
 Metaspace       used 52949K, capacity 56272K, committed 56448K, reserved 1097728K
  class space    used 6957K, capacity 7506K, committed 7552K, reserved 1048576K
Event: 256.855 GC heap after
Heap after GC invocations=39 (full 6):
 PSYoungGen      total 634880K, used 0K [0x00000000d5580000, 0x00000000ff880000, 0x0000000100000000)
  eden space 578560K, 0% used [0x00000000d5580000,0x00000000d5580000,0x00000000f8a80000)
  from space 56320K, 0% used [0x00000000f8a80000,0x00000000f8a80000,0x00000000fc180000)
  to   space 53248K, 0% used [0x00000000fc480000,0x00000000fc480000,0x00000000ff880000)
 ParOldGen       total 248320K, used 43252K [0x0000000080000000, 0x000000008f280000, 0x00000000d5580000)
  object space 248320K, 17% used [0x0000000080000000,0x0000000082a3d068,0x000000008f280000)
 Metaspace       used 52949K, capacity 56272K, committed 56448K, reserved 1097728K
  class space    used 6957K, capacity 7506K, committed 7552K, reserved 1048576K
}

Deoptimization events (10 events):
Event: 145.552 Thread 0x000000001f5f5800 Uncommon trap: reason=class_check action=maybe_recompile pc=0x000000000546bb60 method=org.gradle.api.internal.artifacts.ivyservice.resolveengine.graph.builder.NodeState.isExcluded(Lorg/gradle/api/internal/artifacts/ivyservice/resolveengine/excludes/specs/
Event: 145.552 Thread 0x000000001f5f5800 Uncommon trap: reason=class_check action=maybe_recompile pc=0x000000000546bb60 method=org.gradle.api.internal.artifacts.ivyservice.resolveengine.graph.builder.NodeState.isExcluded(Lorg/gradle/api/internal/artifacts/ivyservice/resolveengine/excludes/specs/
Event: 145.561 Thread 0x000000001f5f5800 Uncommon trap: reason=class_check action=maybe_recompile pc=0x00000000056b1848 method=org.gradle.api.internal.artifacts.ivyservice.resolveengine.graph.builder.NodeState.isExcluded(Lorg/gradle/api/internal/artifacts/ivyservice/resolveengine/excludes/specs/
Event: 145.674 Thread 0x0000000021d25000 Uncommon trap: reason=null_check action=make_not_entrant pc=0x000000000634a1bc method=com.sun.xml.internal.stream.util.ThreadLocalBufferAllocator.getBufferAllocator()Lcom/sun/xml/internal/stream/util/BufferAllocator; @ 6
Event: 152.886 Thread 0x0000000021d25000 Uncommon trap: reason=unstable_if action=reinterpret pc=0x000000000555404c method=org.gradle.api.internal.artifacts.dependencies.AbstractModuleDependency.isCommonContentEquals(Lorg/gradle/api/artifacts/ModuleDependency;)Z @ 56
Event: 153.090 Thread 0x0000000021d25000 Uncommon trap: reason=unstable_if action=reinterpret pc=0x0000000003cf58ec method=com.google.common.collect.MapMakerInternalMap$Segment.getEntry(Ljava/lang/Object;I)Lcom/google/common/collect/MapMakerInternalMap$InternalEntry; @ 40
Event: 156.790 Thread 0x0000000021d29000 Uncommon trap: reason=null_check action=make_not_entrant pc=0x0000000005590f28 method=org.gradle.util.GradleVersion.isCommitVersion(Ljava/util/regex/Matcher;)Z @ 7
Event: 157.052 Thread 0x0000000021d29000 Uncommon trap: reason=null_check action=make_not_entrant pc=0x00000000062d4510 method=org.gradle.util.GradleVersion.parseSnapshot(Ljava/util/regex/Matcher;)Ljava/lang/Long; @ 7
Event: 162.438 Thread 0x000000001f5ed800 Uncommon trap: reason=unstable_if action=reinterpret pc=0x0000000003f32928 method=com.esotericsoftware.kryo.io.Input.require(I)I @ 180
Event: 256.335 Thread 0x0000000021d2c800 Uncommon trap: reason=unstable_if action=reinterpret pc=0x00000000060dd284 method=java.util.concurrent.ConcurrentLinkedQueue.poll()Ljava/lang/Object; @ 25

Classes redefined (0 events):
No events

Internal exceptions (10 events):
Event: 61.301 Thread 0x000000001f5f3000 Implicit null exception at 0x0000000005abb8e7 to 0x0000000005abbd05
Event: 63.477 Thread 0x000000001f5f3000 Implicit null exception at 0x00000000060cdaf4 to 0x00000000060d1845
Event: 63.861 Thread 0x000000001f5f3000 Implicit null exception at 0x00000000060ecb94 to 0x00000000060f35a9
Event: 66.544 Thread 0x000000001f5f3000 Implicit null exception at 0x00000000046aca4e to 0x00000000046ae5b9
Event: 67.139 Thread 0x000000001f5f3000 Implicit null exception at 0x00000000062d1be5 to 0x00000000062d5839
Event: 67.590 Thread 0x000000001f5f3000 Implicit null exception at 0x0000000006317660 to 0x000000000631b1d5
Event: 70.135 Thread 0x000000001f5f3000 Implicit null exception at 0x0000000005464c53 to 0x0000000005464dd1
Event: 145.432 Thread 0x000000001f5f5800 Implicit null exception at 0x0000000004c277df to 0x0000000004c2790d
Event: 145.469 Thread 0x000000001f5f5800 Implicit null exception at 0x0000000003e29d7e to 0x0000000003e2a59d
Event: 145.514 Thread 0x000000001f5f5800 Implicit null exception at 0x0000000003e56288 to 0x0000000003e56751

Events (10 events):
Event: 257.069 Thread 0x000000001ab06000 flushing nmethod 0x0000000004f8d210
Event: 257.069 Thread 0x000000001ab06000 flushing nmethod 0x0000000004f90d50
Event: 257.069 Thread 0x000000001ab06000 flushing nmethod 0x0000000005053890
Event: 257.070 Thread 0x000000001ab06000 flushing nmethod 0x0000000005143c90
Event: 257.151 Thread 0x000000001ab0c000 flushing nmethod 0x00000000053389d0
Event: 257.152 Thread 0x000000001ab0c000 flushing nmethod 0x0000000005339650
Event: 257.188 Thread 0x000000001ab06000 flushing nmethod 0x000000000574f010
Event: 257.188 Thread 0x000000001ab06000 flushing nmethod 0x000000000574f890
Event: 257.189 Thread 0x000000001ab06000 flushing nmethod 0x00000000058bb7d0
Event: 257.197 Thread 0x000000001ab00000 flushing nmethod 0x0000000005b90450


Dynamic libraries:
0x00007ff648e70000 - 0x00007ff648ea7000 	C:\Program Files\Java\jdk1.8.0_181\bin\java.exe
0x00007ff813e20000 - 0x00007ff814001000 	C:\Windows\SYSTEM32\ntdll.dll
0x00007ff8121d0000 - 0x00007ff812281000 	C:\Windows\System32\KERNEL32.DLL
0x00007ff810420000 - 0x00007ff810693000 	C:\Windows\System32\KERNELBASE.dll
0x00007ff813a60000 - 0x00007ff813b01000 	C:\Windows\System32\ADVAPI32.dll
0x00007ff8138e0000 - 0x00007ff81397e000 	C:\Windows\System32\msvcrt.dll
0x00007ff813cb0000 - 0x00007ff813d0b000 	C:\Windows\System32\sechost.dll
0x00007ff811b60000 - 0x00007ff811c84000 	C:\Windows\System32\RPCRT4.dll
0x00007ff811f50000 - 0x00007ff8120e0000 	C:\Windows\System32\USER32.dll
0x00007ff810400000 - 0x00007ff810420000 	C:\Windows\System32\win32u.dll
0x00007ff813a30000 - 0x00007ff813a58000 	C:\Windows\System32\GDI32.dll
0x00007ff810260000 - 0x00007ff8103f1000 	C:\Windows\System32\gdi32full.dll
0x00007ff810e10000 - 0x00007ff810eaf000 	C:\Windows\System32\msvcp_win.dll
0x00007ff8110f0000 - 0x00007ff8111e8000 	C:\Windows\System32\ucrtbase.dll
0x00007ffffd870000 - 0x00007ffffdad9000 	C:\Windows\WinSxS\amd64_microsoft.windows.common-controls_6595b64144ccf1df_6.0.17134.1246_none_d3ffb9d77c90723d\COMCTL32.dll
0x00007ff811830000 - 0x00007ff811b51000 	C:\Windows\System32\combase.dll
0x00007ff8101e0000 - 0x00007ff810259000 	C:\Windows\System32\bcryptPrimitives.dll
0x00007ff8112b0000 - 0x00007ff8112dd000 	C:\Windows\System32\IMM32.DLL
0x00007fffd7b90000 - 0x00007fffd822b000 	C:\Program Files\McAfee\DLP\Agent\fcagpph64.dll
0x00007ff8122b0000 - 0x00007ff8136f5000 	C:\Windows\System32\SHELL32.dll
0x00007ffffd190000 - 0x00007ffffd215000 	C:\Windows\SYSTEM32\WINSPOOL.DRV
0x00007ff8110a0000 - 0x00007ff8110e9000 	C:\Windows\System32\cfgmgr32.dll
0x00007ff810140000 - 0x00007ff810151000 	C:\Windows\System32\kernel.appcore.dll
0x00007ff813980000 - 0x00007ff813a29000 	C:\Windows\System32\shcore.dll
0x00007ff8106a0000 - 0x00007ff810db0000 	C:\Windows\System32\windows.storage.dll
0x00007ff80f6f0000 - 0x00007ff80f728000 	C:\Windows\SYSTEM32\IPHLPAPI.DLL
0x00007ff80fc80000 - 0x00007ff80fca5000 	C:\Windows\SYSTEM32\bcrypt.dll
0x00007ff80afe0000 - 0x00007ff80b195000 	C:\Windows\SYSTEM32\PROPSYS.dll
0x00007ff811730000 - 0x00007ff811781000 	C:\Windows\System32\shlwapi.dll
0x00007ff811e70000 - 0x00007ff811f32000 	C:\Windows\System32\OLEAUT32.dll
0x00007ff810120000 - 0x00007ff81013f000 	C:\Windows\System32\profapi.dll
0x00007ff810180000 - 0x00007ff8101cc000 	C:\Windows\System32\powrprof.dll
0x00007ff8101d0000 - 0x00007ff8101da000 	C:\Windows\System32\FLTLIB.DLL
0x00007ff813700000 - 0x00007ff813851000 	C:\Windows\System32\ole32.dll
0x00007ffffd2f0000 - 0x00007ffffd2fa000 	C:\Windows\SYSTEM32\VERSION.dll
0x00007ff810020000 - 0x00007ff810050000 	C:\Windows\SYSTEM32\SspiCli.dll
0x00007ff80f1b0000 - 0x00007ff80f1e1000 	C:\Windows\SYSTEM32\ntmarta.dll
0x00007fffcd1b0000 - 0x00007fffcd620000 	C:\Program Files\McAfee\DLP\Agent\fcagafa64.dll
0x00007fffeb5d0000 - 0x00007fffeb674000 	C:\Program Files\McAfee\Endpoint Security\Threat Prevention\Ips\EpMPApi.dll
0x0000000001440000 - 0x0000000001497000 	C:\Windows\System32\WINTRUST.dll
0x00007ff810160000 - 0x00007ff810172000 	C:\Windows\System32\MSASN1.dll
0x0000000003280000 - 0x0000000003462000 	C:\Windows\System32\CRYPT32.dll
0x0000000050850000 - 0x000000005085c000 	C:\Program Files\McAfee\Endpoint Security\Threat Prevention\Ips\EpMPThe.dll
0x00007fffed090000 - 0x00007fffed0e9000 	C:\Program Files\McAfee\Endpoint Security\Threat Prevention\Ips\HIPHandlers64.dll
0x00007ff80bb40000 - 0x00007ff80bd09000 	C:\Windows\SYSTEM32\dbghelp.dll
0x0000000050760000 - 0x0000000050832000 	C:\Program Files\Java\jdk1.8.0_181\jre\bin\msvcr100.dll
0x0000000077750000 - 0x0000000077ff2000 	C:\Program Files\Java\jdk1.8.0_181\jre\bin\server\jvm.dll
0x00007ff811f40000 - 0x00007ff811f48000 	C:\Windows\System32\PSAPI.DLL
0x00007ffffbd60000 - 0x00007ffffbd69000 	C:\Windows\SYSTEM32\WSOCK32.dll
0x00000000038c0000 - 0x000000000392c000 	C:\Windows\System32\WS2_32.dll
0x00007ff8076e0000 - 0x00007ff807703000 	C:\Windows\SYSTEM32\WINMM.dll
0x00007ff807280000 - 0x00007ff8072aa000 	C:\Windows\SYSTEM32\WINMMBASE.dll
0x0000000050750000 - 0x000000005075f000 	C:\Program Files\Java\jdk1.8.0_181\jre\bin\verify.dll
0x0000000077610000 - 0x0000000077639000 	C:\Program Files\Java\jdk1.8.0_181\jre\bin\java.dll
0x0000000077730000 - 0x0000000077746000 	C:\Program Files\Java\jdk1.8.0_181\jre\bin\zip.dll
0x00000000775f0000 - 0x000000007760a000 	C:\Program Files\Java\jdk1.8.0_181\jre\bin\net.dll
0x00007ff80f9a0000 - 0x00007ff80fa06000 	C:\Windows\system32\mswsock.dll
0x00000000775d0000 - 0x00000000775e1000 	C:\Program Files\Java\jdk1.8.0_181\jre\bin\nio.dll
0x00007ff806ad0000 - 0x00007ff806af7000 	D:\jxh\code\self\eager-platform-cache\native\c976cfcca226fdd4bee4412e95191dd41148b7504f9625baeda1d523bc39a967\windows-amd64\native-platform.dll
0x0000000050740000 - 0x000000005074d000 	C:\Program Files\Java\jdk1.8.0_181\jre\bin\management.dll
0x00007ff80fb50000 - 0x00007ff80fb67000 	C:\Windows\SYSTEM32\CRYPTSP.dll
0x00007ff80f550000 - 0x00007ff80f583000 	C:\Windows\system32\rsaenh.dll
0x00007ff810050000 - 0x00007ff810078000 	C:\Windows\SYSTEM32\USERENV.dll
0x00007ff80fb70000 - 0x00007ff80fb7b000 	C:\Windows\SYSTEM32\CRYPTBASE.dll
0x00007ff8112a0000 - 0x00007ff8112a8000 	C:\Windows\System32\NSI.dll
0x00007ff808970000 - 0x00007ff808986000 	C:\Windows\SYSTEM32\dhcpcsvc6.DLL
0x00007ff808950000 - 0x00007ff80896a000 	C:\Windows\SYSTEM32\dhcpcsvc.DLL

VM Arguments:
jvm_args: -XX:MaxPermSize=2048m -XX:+HeapDumpOnOutOfMemoryError -Xmx2048m -Dfile.encoding=UTF-8 -Duser.country=CN -Duser.language=zh -Duser.variant 
java_command: org.gradle.launcher.daemon.bootstrap.GradleDaemon 6.3
java_class_path (initial): D:\jxh\soft\gradle-6.3-bin\gradle-6.3\lib\gradle-launcher-6.3.jar
Launcher Type: SUN_STANDARD

Environment Variables:
JAVA_HOME=C:\Program Files\Java\jdk1.8.0_181
PATH=C:\Program Files (x86)\Common Files\NetSarang;C:\Program Files (x86)\Common Files\Oracle\Java\javapath;C:\Program Files (x86)\Intel\Intel(R) Management Engine Components\iCLS\;C:\Program Files\Intel\Intel(R) Management Engine Components\iCLS\;C:\Windows\system32;C:\Windows;C:\Windows\System32\Wbem;C:\Windows\System32\WindowsPowerShell\v1.0\;C:\Windows\System32\OpenSSH\;C:\Program Files (x86)\Intel\Intel(R) Management Engine Components\DAL;C:\Program Files\Intel\Intel(R) Management Engine Components\DAL;C:\Program Files\Intel\WiFi\bin\;C:\Program Files\Common Files\Intel\WirelessCommon\;C:\Program Files\TortoiseSVN\bin;C:\Users\ly-jiangxh\AppData\Local\Microsoft\WindowsApps;C:\Users\ly-jiangxh\AppData\Local\Programs\Microsoft VS Code\bin;C:\Users\ly-jiangxh\AppData\Local\Programs\Fiddler;C:\Program Files\Java\jdk1.8.0_181\bin;D:\jxh\soft\gradle-6.3-bin\gradle-6.3\bin;C:\Users\ly-jiangxh\AppData\Local\Programs\Git\cmd;D:\jxh\soft\node-v12.18.4-win-x64\;D:\jxh\soft\nginx-1.19.2;
USERNAME=ly-jiangxh
OS=Windows_NT
PROCESSOR_IDENTIFIER=Intel64 Family 6 Model 142 Stepping 10, GenuineIntel



---------------  S Y S T E M  ---------------

OS: Windows 10.0 , 64 bit Build 17134 (10.0.17134.753)

CPU:total 8 (initial active 8) (4 cores per cpu, 2 threads per core) family 6 model 142 stepping 10, cmov, cx8, fxsr, mmx, sse, sse2, sse3, ssse3, sse4.1, sse4.2, popcnt, avx, avx2, aes, clmul, erms, 3dnowpref, lzcnt, ht, tsc, tscinvbit, bmi1, bmi2, adx

Memory: 4k page, physical 8244552k(1251120k free), swap 18737348k(3164k free)

vm_info: Java HotSpot(TM) 64-Bit Server VM (25.181-b13) for windows-amd64 JRE (1.8.0_181-b13), built on Jul  7 2018 04:01:33 by "java_re" with MS VC++ 10.0 (VS2010)

time: Mon Dec 27 19:47:13 2021
elapsed time: 257 seconds (0d 0h 4m 17s)

