2021-12-09 13:57:46,245 [main] INFO  -[SpringApplication.java:651]- No active profile set, falling back to default profiles: default
2021-12-09 13:57:53,600 [main] INFO  -[StartupInfoLogger.java:61]- Started CommonWebApplication in 10.002 seconds (JVM running for 13.376)
2021-12-09 13:58:40,453 [main] INFO  -[SpringApplication.java:651]- No active profile set, falling back to default profiles: default
2021-12-09 13:58:54,796 [main] INFO  -[StartupInfoLogger.java:61]- Started BasicWebApplication in 18.41 seconds (JVM running for 27.005)
2021-12-09 14:01:07,578 [main] INFO  -[SpringApplication.java:651]- No active profile set, falling back to default profiles: default
2021-12-09 14:01:16,732 [main] INFO  -[StartupInfoLogger.java:61]- Started AuthWebApplication in 11.31 seconds (JVM running for 14.429)
2021-12-09 14:34:38,257 [http-nio-8504-exec-1] INFO  -[AccoutSessionManager.java:41]- 使用从header获取sessionID为: 4aa262cf-2594-4ed4-90dc-f50c4aaea247
2021-12-09 14:34:38,355 [http-nio-8504-exec-2] INFO  -[AccoutSessionManager.java:41]- 使用从header获取sessionID为: 4aa262cf-2594-4ed4-90dc-f50c4aaea247
2021-12-09 14:34:38,396 [http-nio-8504-exec-2] INFO  -[LogInterceptor.java:63]- URL            : http://127.0.0.1:8504/auth/web/access/login
2021-12-09 14:34:38,396 [http-nio-8504-exec-2] INFO  -[LogInterceptor.java:65]- HTTP Method    : GET
2021-12-09 14:34:38,399 [http-nio-8504-exec-2] INFO  -[LogInterceptor.java:67]- Class Method   : com.jx.agile.auth.controller.access.LoginController.login
2021-12-09 14:34:38,399 [http-nio-8504-exec-2] INFO  -[LogInterceptor.java:69]- IP     : 127.0.0.1
2021-12-09 14:34:38,399 [http-nio-8504-exec-2] INFO  -[LogInterceptor.java:71]- Request Args   : [ ]
2021-12-09 14:34:38,404 [http-nio-8504-exec-2] INFO  -[LogInterceptor.java:110]- IP:127.0.0.1,request-url【http://127.0.0.1:8504/auth/web/access/login】,Cost-Time：21,result:{
  "status" : 401,
  "message" : "您还未登录系统，请先登录！",
  "data" : null,
  "exception" : null,
  "bizInfo" : null,
  "fail" : true,
  "success" : false
}
2021-12-09 14:34:40,501 [http-nio-8504-exec-3] INFO  -[AccoutSessionManager.java:41]- 使用从header获取sessionID为: 4aa262cf-2594-4ed4-90dc-f50c4aaea247
2021-12-09 14:34:40,526 [http-nio-8504-exec-3] INFO  -[LogInterceptor.java:63]- URL            : http://127.0.0.1:8504/auth/web/access/doLogin
2021-12-09 14:34:40,527 [http-nio-8504-exec-3] INFO  -[LogInterceptor.java:65]- HTTP Method    : POST
2021-12-09 14:34:40,527 [http-nio-8504-exec-3] INFO  -[LogInterceptor.java:67]- Class Method   : com.jx.agile.auth.controller.access.LoginController.doLogin
2021-12-09 14:34:40,527 [http-nio-8504-exec-3] INFO  -[LogInterceptor.java:69]- IP     : 127.0.0.1
2021-12-09 14:34:40,527 [http-nio-8504-exec-3] INFO  -[LogInterceptor.java:71]- Request Args   : [ null, null, {
  "username" : null,
  "password" : null,
  "salt" : null,
  "user" : null
} ]
2021-12-09 14:34:40,542 [http-nio-8504-exec-3] INFO  -[LogInterceptor.java:110]- IP:127.0.0.1,request-url【http://127.0.0.1:8504/auth/web/access/doLogin】,Cost-Time：17,result:{
  "status" : 200,
  "message" : "操作成功",
  "data" : "592d9bfb-da50-47af-ba48-3db5de81b809",
  "exception" : null,
  "bizInfo" : null,
  "fail" : false,
  "success" : true
}
2021-12-09 14:34:40,864 [http-nio-8504-exec-4] INFO  -[AccoutSessionManager.java:41]- 使用从header获取sessionID为: 592d9bfb-da50-47af-ba48-3db5de81b809
2021-12-09 14:34:40,870 [http-nio-8504-exec-4] INFO  -[LogInterceptor.java:63]- URL            : http://127.0.0.1:8504/auth/web/menu/getAll
2021-12-09 14:34:40,870 [http-nio-8504-exec-4] INFO  -[LogInterceptor.java:65]- HTTP Method    : GET
2021-12-09 14:34:40,870 [http-nio-8504-exec-4] INFO  -[LogInterceptor.java:67]- Class Method   : com.jx.agile.auth.controller.menu.MenuController.getAll
2021-12-09 14:34:40,870 [http-nio-8504-exec-4] INFO  -[LogInterceptor.java:69]- IP     : 127.0.0.1
2021-12-09 14:34:40,870 [http-nio-8504-exec-4] INFO  -[LogInterceptor.java:71]- Request Args   : [ ]
2021-12-09 14:34:41,280 [http-nio-8504-exec-4] INFO  -[LogInterceptor.java:110]- IP:127.0.0.1,request-url【http://127.0.0.1:8504/auth/web/menu/getAll】,Cost-Time：401,result:{
  "status" : 200,
  "message" : "操作成功",
  "data" : [ {
    "id" : 1,
    "code" : "sys",
    "name" : "系统管理",
    "version" : 0,
    "isEnabled" : true,
    "remark" : "",
    "createdTime" : "2021-03-08T18:41:41",
    "createdBy" : 0,
    "createdByName" : "",
    "updatedTime" : "2021-03-08T21:16:32",
    "updatedBy" : 0,
    "updatedByName" : "",
    "leaf" : false,
    "icon" : "el-icon-menu",
    "path" : "xtgl",
    "parentId" : 0,
    "sort" : 1,
    "subMenuList" : [ {
      "id" : 2,
      "code" : "menu",
      "name" : "菜单管理",
      "version" : 0,
      "isEnabled" : true,
      "remark" : "",
      "createdTime" : "2021-03-08T18:41:41",
      "createdBy" : 0,
      "createdByName" : "",
      "updatedTime" : "2021-03-08T20:25:36",
      "updatedBy" : 0,
      "updatedByName" : "",
      "leaf" : true,
      "icon" : "gl",
      "path" : "/home/menu",
      "parentId" : 1,
      "sort" : 10,
      "subMenuList" : null,
      "hasSubMenu" : false
    }, {
      "id" : 5,
      "code" : "account",
      "name" : "账号管理",
      "version" : 0,
      "isEnabled" : true,
      "remark" : "",
      "createdTime" : "2021-03-08T18:41:41",
      "createdBy" : 0,
      "createdByName" : "",
      "updatedTime" : "2021-03-08T20:25:36",
      "updatedBy" : 0,
      "updatedByName" : "",
      "leaf" : true,
      "icon" : "gl",
      "path" : "/home/account",
      "parentId" : 1,
      "sort" : 11,
      "subMenuList" : null,
      "hasSubMenu" : false
    }, {
      "id" : 6,
      "code" : "autoCode",
      "name" : "生成代码",
      "version" : 0,
      "isEnabled" : true,
      "remark" : "",
      "createdTime" : "2021-03-08T18:41:41",
      "createdBy" : 0,
      "createdByName" : "",
      "updatedTime" : "2021-03-09T19:43:56",
      "updatedBy" : 0,
      "updatedByName" : "",
      "leaf" : true,
      "icon" : "el-icon-menu",
      "path" : "/home/autoCode",
      "parentId" : 1,
      "sort" : 12,
      "subMenuList" : null,
      "hasSubMenu" : false
    }, {
      "id" : 7,
      "code" : "staff",
      "name" : "人员表单",
      "version" : 0,
      "isEnabled" : true,
      "remark" : "",
      "createdTime" : "2021-03-08T18:41:41",
      "createdBy" : 0,
      "createdByName" : "",
      "updatedTime" : "2021-03-16T14:36:05",
      "updatedBy" : 0,
      "updatedByName" : "",
      "leaf" : true,
      "icon" : "el-icon-menu",
      "path" : "/home/formView",
      "parentId" : 1,
      "sort" : 13,
      "subMenuList" : null,
      "hasSubMenu" : false
    } ],
    "hasSubMenu" : true
  }, {
    "id" : 3,
    "code" : "basic",
    "name" : "基础管理",
    "version" : 0,
    "isEnabled" : true,
    "remark" : "",
    "createdTime" : "2021-03-08T18:41:41",
    "createdBy" : 0,
    "createdByName" : "",
    "updatedTime" : "2021-03-08T21:16:35",
    "updatedBy" : 0,
    "updatedByName" : "",
    "leaf" : false,
    "icon" : "el-icon-menu",
    "path" : "basic",
    "parentId" : 0,
    "sort" : 2,
    "subMenuList" : [ {
      "id" : 4,
      "code" : "staff",
      "name" : "人员管理",
      "version" : 0,
      "isEnabled" : true,
      "remark" : "",
      "createdTime" : "2021-03-08T18:41:41",
      "createdBy" : 0,
      "createdByName" : "",
      "updatedTime" : "2021-03-08T20:25:43",
      "updatedBy" : 0,
      "updatedByName" : "",
      "leaf" : true,
      "icon" : "gl",
      "path" : "/home/staff",
      "parentId" : 3,
      "sort" : 20,
      "subMenuList" : null,
      "hasSubMenu" : false
    } ],
    "hasSubMenu" : true
  }, {
    "id" : 8,
    "code" : "config",
    "name" : "配置管理",
    "version" : 0,
    "isEnabled" : true,
    "remark" : "",
    "createdTime" : "2021-03-08T18:41:41",
    "createdBy" : 0,
    "createdByName" : "",
    "updatedTime" : "2021-03-08T21:16:32",
    "updatedBy" : 0,
    "updatedByName" : "",
    "leaf" : false,
    "icon" : "el-icon-menu",
    "path" : "config",
    "parentId" : 0,
    "sort" : 3,
    "subMenuList" : [ {
      "id" : 9,
      "code" : "configView",
      "name" : "页面配置",
      "version" : 0,
      "isEnabled" : true,
      "remark" : "",
      "createdTime" : "2021-03-08T18:41:41",
      "createdBy" : 0,
      "createdByName" : "",
      "updatedTime" : "2021-03-08T21:16:32",
      "updatedBy" : 0,
      "updatedByName" : "",
      "leaf" : true,
      "icon" : "el-icon-menu",
      "path" : "/home/configView",
      "parentId" : 8,
      "sort" : 30,
      "subMenuList" : null,
      "hasSubMenu" : false
    } ],
    "hasSubMenu" : true
  } ],
  "exception" : null,
  "bizInfo" : null,
  "fail" : false,
  "success" : true
}
2021-12-09 16:13:20,180 [http-nio-8504-exec-5] INFO  -[AccoutSessionManager.java:41]- 使用从header获取sessionID为: 592d9bfb-da50-47af-ba48-3db5de81b809
2021-12-09 16:13:20,298 [http-nio-8504-exec-6] INFO  -[AccoutSessionManager.java:41]- 使用从header获取sessionID为: 592d9bfb-da50-47af-ba48-3db5de81b809
2021-12-09 16:13:20,313 [http-nio-8504-exec-6] INFO  -[LogInterceptor.java:63]- URL            : http://127.0.0.1:8504/auth/web/access/login
2021-12-09 16:13:20,314 [http-nio-8504-exec-6] INFO  -[LogInterceptor.java:65]- HTTP Method    : GET
2021-12-09 16:13:20,315 [http-nio-8504-exec-6] INFO  -[LogInterceptor.java:67]- Class Method   : com.jx.agile.auth.controller.access.LoginController.login
2021-12-09 16:13:20,315 [http-nio-8504-exec-6] INFO  -[LogInterceptor.java:69]- IP     : 127.0.0.1
2021-12-09 16:13:20,315 [http-nio-8504-exec-6] INFO  -[LogInterceptor.java:71]- Request Args   : [ ]
2021-12-09 16:13:20,316 [http-nio-8504-exec-6] INFO  -[LogInterceptor.java:110]- IP:127.0.0.1,request-url【http://127.0.0.1:8504/auth/web/access/login】,Cost-Time：5,result:{
  "status" : 401,
  "message" : "您还未登录系统，请先登录！",
  "data" : null,
  "exception" : null,
  "bizInfo" : null,
  "fail" : true,
  "success" : false
}
2021-12-09 16:13:22,921 [http-nio-8504-exec-7] INFO  -[AccoutSessionManager.java:41]- 使用从header获取sessionID为: 592d9bfb-da50-47af-ba48-3db5de81b809
2021-12-09 16:13:22,927 [http-nio-8504-exec-7] INFO  -[LogInterceptor.java:63]- URL            : http://127.0.0.1:8504/auth/web/access/doLogin
2021-12-09 16:13:22,927 [http-nio-8504-exec-7] INFO  -[LogInterceptor.java:65]- HTTP Method    : POST
2021-12-09 16:13:22,927 [http-nio-8504-exec-7] INFO  -[LogInterceptor.java:67]- Class Method   : com.jx.agile.auth.controller.access.LoginController.doLogin
2021-12-09 16:13:22,928 [http-nio-8504-exec-7] INFO  -[LogInterceptor.java:69]- IP     : 127.0.0.1
2021-12-09 16:13:22,928 [http-nio-8504-exec-7] INFO  -[LogInterceptor.java:71]- Request Args   : [ null, null, {
  "username" : null,
  "password" : null,
  "salt" : null,
  "user" : null
} ]
2021-12-09 16:13:22,935 [http-nio-8504-exec-7] INFO  -[LogInterceptor.java:110]- IP:127.0.0.1,request-url【http://127.0.0.1:8504/auth/web/access/doLogin】,Cost-Time：8,result:{
  "status" : 200,
  "message" : "操作成功",
  "data" : "8424bab1-e6c7-47db-9b30-2bec9c265a54",
  "exception" : null,
  "bizInfo" : null,
  "fail" : false,
  "success" : true
}
2021-12-09 16:13:25,173 [http-nio-8504-exec-8] INFO  -[AccoutSessionManager.java:41]- 使用从header获取sessionID为: 8424bab1-e6c7-47db-9b30-2bec9c265a54
2021-12-09 16:13:25,178 [http-nio-8504-exec-8] INFO  -[LogInterceptor.java:63]- URL            : http://127.0.0.1:8504/auth/web/menu/getAll
2021-12-09 16:13:25,178 [http-nio-8504-exec-8] INFO  -[LogInterceptor.java:65]- HTTP Method    : GET
2021-12-09 16:13:25,178 [http-nio-8504-exec-8] INFO  -[LogInterceptor.java:67]- Class Method   : com.jx.agile.auth.controller.menu.MenuController.getAll
2021-12-09 16:13:25,178 [http-nio-8504-exec-8] INFO  -[LogInterceptor.java:69]- IP     : 127.0.0.1
2021-12-09 16:13:25,179 [http-nio-8504-exec-8] INFO  -[LogInterceptor.java:71]- Request Args   : [ ]
2021-12-09 16:13:25,238 [http-nio-8504-exec-8] INFO  -[LogInterceptor.java:110]- IP:127.0.0.1,request-url【http://127.0.0.1:8504/auth/web/menu/getAll】,Cost-Time：58,result:{
  "status" : 200,
  "message" : "操作成功",
  "data" : [ {
    "id" : 1,
    "code" : "sys",
    "name" : "系统管理",
    "version" : 0,
    "isEnabled" : true,
    "remark" : "",
    "createdTime" : "2021-03-08T18:41:41",
    "createdBy" : 0,
    "createdByName" : "",
    "updatedTime" : "2021-03-08T21:16:32",
    "updatedBy" : 0,
    "updatedByName" : "",
    "leaf" : false,
    "icon" : "el-icon-menu",
    "path" : "xtgl",
    "parentId" : 0,
    "sort" : 1,
    "subMenuList" : [ {
      "id" : 2,
      "code" : "menu",
      "name" : "菜单管理",
      "version" : 0,
      "isEnabled" : true,
      "remark" : "",
      "createdTime" : "2021-03-08T18:41:41",
      "createdBy" : 0,
      "createdByName" : "",
      "updatedTime" : "2021-03-08T20:25:36",
      "updatedBy" : 0,
      "updatedByName" : "",
      "leaf" : true,
      "icon" : "gl",
      "path" : "/home/menu",
      "parentId" : 1,
      "sort" : 10,
      "subMenuList" : null,
      "hasSubMenu" : false
    }, {
      "id" : 5,
      "code" : "account",
      "name" : "账号管理",
      "version" : 0,
      "isEnabled" : true,
      "remark" : "",
      "createdTime" : "2021-03-08T18:41:41",
      "createdBy" : 0,
      "createdByName" : "",
      "updatedTime" : "2021-03-08T20:25:36",
      "updatedBy" : 0,
      "updatedByName" : "",
      "leaf" : true,
      "icon" : "gl",
      "path" : "/home/account",
      "parentId" : 1,
      "sort" : 11,
      "subMenuList" : null,
      "hasSubMenu" : false
    }, {
      "id" : 6,
      "code" : "autoCode",
      "name" : "生成代码",
      "version" : 0,
      "isEnabled" : true,
      "remark" : "",
      "createdTime" : "2021-03-08T18:41:41",
      "createdBy" : 0,
      "createdByName" : "",
      "updatedTime" : "2021-03-09T19:43:56",
      "updatedBy" : 0,
      "updatedByName" : "",
      "leaf" : true,
      "icon" : "el-icon-menu",
      "path" : "/home/autoCode",
      "parentId" : 1,
      "sort" : 12,
      "subMenuList" : null,
      "hasSubMenu" : false
    }, {
      "id" : 7,
      "code" : "staff",
      "name" : "人员表单",
      "version" : 0,
      "isEnabled" : true,
      "remark" : "",
      "createdTime" : "2021-03-08T18:41:41",
      "createdBy" : 0,
      "createdByName" : "",
      "updatedTime" : "2021-03-16T14:36:05",
      "updatedBy" : 0,
      "updatedByName" : "",
      "leaf" : true,
      "icon" : "el-icon-menu",
      "path" : "/home/formView",
      "parentId" : 1,
      "sort" : 13,
      "subMenuList" : null,
      "hasSubMenu" : false
    } ],
    "hasSubMenu" : true
  }, {
    "id" : 3,
    "code" : "basic",
    "name" : "基础管理",
    "version" : 0,
    "isEnabled" : true,
    "remark" : "",
    "createdTime" : "2021-03-08T18:41:41",
    "createdBy" : 0,
    "createdByName" : "",
    "updatedTime" : "2021-03-08T21:16:35",
    "updatedBy" : 0,
    "updatedByName" : "",
    "leaf" : false,
    "icon" : "el-icon-menu",
    "path" : "basic",
    "parentId" : 0,
    "sort" : 2,
    "subMenuList" : [ {
      "id" : 4,
      "code" : "staff",
      "name" : "人员管理",
      "version" : 0,
      "isEnabled" : true,
      "remark" : "",
      "createdTime" : "2021-03-08T18:41:41",
      "createdBy" : 0,
      "createdByName" : "",
      "updatedTime" : "2021-03-08T20:25:43",
      "updatedBy" : 0,
      "updatedByName" : "",
      "leaf" : true,
      "icon" : "gl",
      "path" : "/home/staff",
      "parentId" : 3,
      "sort" : 20,
      "subMenuList" : null,
      "hasSubMenu" : false
    } ],
    "hasSubMenu" : true
  }, {
    "id" : 8,
    "code" : "config",
    "name" : "配置管理",
    "version" : 0,
    "isEnabled" : true,
    "remark" : "",
    "createdTime" : "2021-03-08T18:41:41",
    "createdBy" : 0,
    "createdByName" : "",
    "updatedTime" : "2021-03-08T21:16:32",
    "updatedBy" : 0,
    "updatedByName" : "",
    "leaf" : false,
    "icon" : "el-icon-menu",
    "path" : "config",
    "parentId" : 0,
    "sort" : 3,
    "subMenuList" : [ {
      "id" : 9,
      "code" : "configView",
      "name" : "页面配置",
      "version" : 0,
      "isEnabled" : true,
      "remark" : "",
      "createdTime" : "2021-03-08T18:41:41",
      "createdBy" : 0,
      "createdByName" : "",
      "updatedTime" : "2021-03-08T21:16:32",
      "updatedBy" : 0,
      "updatedByName" : "",
      "leaf" : true,
      "icon" : "el-icon-menu",
      "path" : "/home/configView",
      "parentId" : 8,
      "sort" : 30,
      "subMenuList" : null,
      "hasSubMenu" : false
    } ],
    "hasSubMenu" : true
  } ],
  "exception" : null,
  "bizInfo" : null,
  "fail" : false,
  "success" : true
}
2021-12-09 16:36:46,683 [http-nio-8504-exec-9] INFO  -[AccoutSessionManager.java:41]- 使用从header获取sessionID为: 8424bab1-e6c7-47db-9b30-2bec9c265a54
2021-12-09 16:36:46,697 [http-nio-8504-exec-9] INFO  -[LogInterceptor.java:63]- URL            : http://127.0.0.1:8504/auth/web/menu/getAll
2021-12-09 16:36:46,698 [http-nio-8504-exec-9] INFO  -[LogInterceptor.java:65]- HTTP Method    : GET
2021-12-09 16:36:46,698 [http-nio-8504-exec-9] INFO  -[LogInterceptor.java:67]- Class Method   : com.jx.agile.auth.controller.menu.MenuController.getAll
2021-12-09 16:36:46,698 [http-nio-8504-exec-9] INFO  -[LogInterceptor.java:69]- IP     : 127.0.0.1
2021-12-09 16:36:46,699 [http-nio-8504-exec-9] INFO  -[LogInterceptor.java:71]- Request Args   : [ ]
2021-12-09 16:36:46,722 [http-nio-8504-exec-9] INFO  -[LogInterceptor.java:110]- IP:127.0.0.1,request-url【http://127.0.0.1:8504/auth/web/menu/getAll】,Cost-Time：21,result:{
  "status" : 200,
  "message" : "操作成功",
  "data" : [ {
    "id" : 1,
    "code" : "sys",
    "name" : "系统管理",
    "version" : 0,
    "isEnabled" : true,
    "remark" : "",
    "createdTime" : "2021-03-08T18:41:41",
    "createdBy" : 0,
    "createdByName" : "",
    "updatedTime" : "2021-03-08T21:16:32",
    "updatedBy" : 0,
    "updatedByName" : "",
    "leaf" : false,
    "icon" : "el-icon-menu",
    "path" : "xtgl",
    "parentId" : 0,
    "sort" : 1,
    "subMenuList" : [ {
      "id" : 2,
      "code" : "menu",
      "name" : "菜单管理",
      "version" : 0,
      "isEnabled" : true,
      "remark" : "",
      "createdTime" : "2021-03-08T18:41:41",
      "createdBy" : 0,
      "createdByName" : "",
      "updatedTime" : "2021-03-08T20:25:36",
      "updatedBy" : 0,
      "updatedByName" : "",
      "leaf" : true,
      "icon" : "gl",
      "path" : "/home/menu",
      "parentId" : 1,
      "sort" : 10,
      "subMenuList" : null,
      "hasSubMenu" : false
    }, {
      "id" : 5,
      "code" : "account",
      "name" : "账号管理",
      "version" : 0,
      "isEnabled" : true,
      "remark" : "",
      "createdTime" : "2021-03-08T18:41:41",
      "createdBy" : 0,
      "createdByName" : "",
      "updatedTime" : "2021-03-08T20:25:36",
      "updatedBy" : 0,
      "updatedByName" : "",
      "leaf" : true,
      "icon" : "gl",
      "path" : "/home/account",
      "parentId" : 1,
      "sort" : 11,
      "subMenuList" : null,
      "hasSubMenu" : false
    }, {
      "id" : 6,
      "code" : "autoCode",
      "name" : "生成代码",
      "version" : 0,
      "isEnabled" : true,
      "remark" : "",
      "createdTime" : "2021-03-08T18:41:41",
      "createdBy" : 0,
      "createdByName" : "",
      "updatedTime" : "2021-03-09T19:43:56",
      "updatedBy" : 0,
      "updatedByName" : "",
      "leaf" : true,
      "icon" : "el-icon-menu",
      "path" : "/home/autoCode",
      "parentId" : 1,
      "sort" : 12,
      "subMenuList" : null,
      "hasSubMenu" : false
    }, {
      "id" : 7,
      "code" : "staff",
      "name" : "人员表单",
      "version" : 0,
      "isEnabled" : true,
      "remark" : "",
      "createdTime" : "2021-03-08T18:41:41",
      "createdBy" : 0,
      "createdByName" : "",
      "updatedTime" : "2021-03-16T14:36:05",
      "updatedBy" : 0,
      "updatedByName" : "",
      "leaf" : true,
      "icon" : "el-icon-menu",
      "path" : "/home/formView",
      "parentId" : 1,
      "sort" : 13,
      "subMenuList" : null,
      "hasSubMenu" : false
    } ],
    "hasSubMenu" : true
  }, {
    "id" : 3,
    "code" : "basic",
    "name" : "基础管理",
    "version" : 0,
    "isEnabled" : true,
    "remark" : "",
    "createdTime" : "2021-03-08T18:41:41",
    "createdBy" : 0,
    "createdByName" : "",
    "updatedTime" : "2021-03-08T21:16:35",
    "updatedBy" : 0,
    "updatedByName" : "",
    "leaf" : false,
    "icon" : "el-icon-menu",
    "path" : "basic",
    "parentId" : 0,
    "sort" : 2,
    "subMenuList" : [ {
      "id" : 4,
      "code" : "staff",
      "name" : "人员管理",
      "version" : 0,
      "isEnabled" : true,
      "remark" : "",
      "createdTime" : "2021-03-08T18:41:41",
      "createdBy" : 0,
      "createdByName" : "",
      "updatedTime" : "2021-03-08T20:25:43",
      "updatedBy" : 0,
      "updatedByName" : "",
      "leaf" : true,
      "icon" : "gl",
      "path" : "/home/staff",
      "parentId" : 3,
      "sort" : 20,
      "subMenuList" : null,
      "hasSubMenu" : false
    } ],
    "hasSubMenu" : true
  }, {
    "id" : 8,
    "code" : "config",
    "name" : "配置管理",
    "version" : 0,
    "isEnabled" : true,
    "remark" : "",
    "createdTime" : "2021-03-08T18:41:41",
    "createdBy" : 0,
    "createdByName" : "",
    "updatedTime" : "2021-03-08T21:16:32",
    "updatedBy" : 0,
    "updatedByName" : "",
    "leaf" : false,
    "icon" : "el-icon-menu",
    "path" : "config",
    "parentId" : 0,
    "sort" : 3,
    "subMenuList" : [ {
      "id" : 9,
      "code" : "configView",
      "name" : "页面配置",
      "version" : 0,
      "isEnabled" : true,
      "remark" : "",
      "createdTime" : "2021-03-08T18:41:41",
      "createdBy" : 0,
      "createdByName" : "",
      "updatedTime" : "2021-03-08T21:16:32",
      "updatedBy" : 0,
      "updatedByName" : "",
      "leaf" : true,
      "icon" : "el-icon-menu",
      "path" : "/home/configView",
      "parentId" : 8,
      "sort" : 30,
      "subMenuList" : null,
      "hasSubMenu" : false
    } ],
    "hasSubMenu" : true
  } ],
  "exception" : null,
  "bizInfo" : null,
  "fail" : false,
  "success" : true
}
2021-12-09 17:02:33,613 [http-nio-8504-exec-10] INFO  -[AccoutSessionManager.java:41]- 使用从header获取sessionID为: 8424bab1-e6c7-47db-9b30-2bec9c265a54
2021-12-09 17:02:33,632 [http-nio-8504-exec-10] INFO  -[LogInterceptor.java:63]- URL            : http://127.0.0.1:8504/auth/web/menu/getAll
2021-12-09 17:02:33,633 [http-nio-8504-exec-10] INFO  -[LogInterceptor.java:65]- HTTP Method    : GET
2021-12-09 17:02:33,633 [http-nio-8504-exec-10] INFO  -[LogInterceptor.java:67]- Class Method   : com.jx.agile.auth.controller.menu.MenuController.getAll
2021-12-09 17:02:33,634 [http-nio-8504-exec-10] INFO  -[LogInterceptor.java:69]- IP     : 127.0.0.1
2021-12-09 17:02:33,634 [http-nio-8504-exec-10] INFO  -[LogInterceptor.java:71]- Request Args   : [ ]
2021-12-09 17:02:33,653 [http-nio-8504-exec-10] INFO  -[LogInterceptor.java:110]- IP:127.0.0.1,request-url【http://127.0.0.1:8504/auth/web/menu/getAll】,Cost-Time：20,result:{
  "status" : 200,
  "message" : "操作成功",
  "data" : [ {
    "id" : 1,
    "code" : "sys",
    "name" : "系统管理",
    "version" : 0,
    "isEnabled" : true,
    "remark" : "",
    "createdTime" : "2021-03-08T18:41:41",
    "createdBy" : 0,
    "createdByName" : "",
    "updatedTime" : "2021-03-08T21:16:32",
    "updatedBy" : 0,
    "updatedByName" : "",
    "leaf" : false,
    "icon" : "el-icon-menu",
    "path" : "xtgl",
    "parentId" : 0,
    "sort" : 1,
    "subMenuList" : [ {
      "id" : 2,
      "code" : "menu",
      "name" : "菜单管理",
      "version" : 0,
      "isEnabled" : true,
      "remark" : "",
      "createdTime" : "2021-03-08T18:41:41",
      "createdBy" : 0,
      "createdByName" : "",
      "updatedTime" : "2021-03-08T20:25:36",
      "updatedBy" : 0,
      "updatedByName" : "",
      "leaf" : true,
      "icon" : "gl",
      "path" : "/home/menu",
      "parentId" : 1,
      "sort" : 10,
      "subMenuList" : null,
      "hasSubMenu" : false
    }, {
      "id" : 5,
      "code" : "account",
      "name" : "账号管理",
      "version" : 0,
      "isEnabled" : true,
      "remark" : "",
      "createdTime" : "2021-03-08T18:41:41",
      "createdBy" : 0,
      "createdByName" : "",
      "updatedTime" : "2021-03-08T20:25:36",
      "updatedBy" : 0,
      "updatedByName" : "",
      "leaf" : true,
      "icon" : "gl",
      "path" : "/home/account",
      "parentId" : 1,
      "sort" : 11,
      "subMenuList" : null,
      "hasSubMenu" : false
    }, {
      "id" : 6,
      "code" : "autoCode",
      "name" : "生成代码",
      "version" : 0,
      "isEnabled" : true,
      "remark" : "",
      "createdTime" : "2021-03-08T18:41:41",
      "createdBy" : 0,
      "createdByName" : "",
      "updatedTime" : "2021-03-09T19:43:56",
      "updatedBy" : 0,
      "updatedByName" : "",
      "leaf" : true,
      "icon" : "el-icon-menu",
      "path" : "/home/autoCode",
      "parentId" : 1,
      "sort" : 12,
      "subMenuList" : null,
      "hasSubMenu" : false
    }, {
      "id" : 7,
      "code" : "staff",
      "name" : "人员表单",
      "version" : 0,
      "isEnabled" : true,
      "remark" : "",
      "createdTime" : "2021-03-08T18:41:41",
      "createdBy" : 0,
      "createdByName" : "",
      "updatedTime" : "2021-03-16T14:36:05",
      "updatedBy" : 0,
      "updatedByName" : "",
      "leaf" : true,
      "icon" : "el-icon-menu",
      "path" : "/home/formView",
      "parentId" : 1,
      "sort" : 13,
      "subMenuList" : null,
      "hasSubMenu" : false
    } ],
    "hasSubMenu" : true
  }, {
    "id" : 3,
    "code" : "basic",
    "name" : "基础管理",
    "version" : 0,
    "isEnabled" : true,
    "remark" : "",
    "createdTime" : "2021-03-08T18:41:41",
    "createdBy" : 0,
    "createdByName" : "",
    "updatedTime" : "2021-03-08T21:16:35",
    "updatedBy" : 0,
    "updatedByName" : "",
    "leaf" : false,
    "icon" : "el-icon-menu",
    "path" : "basic",
    "parentId" : 0,
    "sort" : 2,
    "subMenuList" : [ {
      "id" : 4,
      "code" : "staff",
      "name" : "人员管理",
      "version" : 0,
      "isEnabled" : true,
      "remark" : "",
      "createdTime" : "2021-03-08T18:41:41",
      "createdBy" : 0,
      "createdByName" : "",
      "updatedTime" : "2021-03-08T20:25:43",
      "updatedBy" : 0,
      "updatedByName" : "",
      "leaf" : true,
      "icon" : "gl",
      "path" : "/home/staff",
      "parentId" : 3,
      "sort" : 20,
      "subMenuList" : null,
      "hasSubMenu" : false
    } ],
    "hasSubMenu" : true
  }, {
    "id" : 8,
    "code" : "config",
    "name" : "配置管理",
    "version" : 0,
    "isEnabled" : true,
    "remark" : "",
    "createdTime" : "2021-03-08T18:41:41",
    "createdBy" : 0,
    "createdByName" : "",
    "updatedTime" : "2021-03-08T21:16:32",
    "updatedBy" : 0,
    "updatedByName" : "",
    "leaf" : false,
    "icon" : "el-icon-menu",
    "path" : "config",
    "parentId" : 0,
    "sort" : 3,
    "subMenuList" : [ {
      "id" : 9,
      "code" : "configView",
      "name" : "页面配置",
      "version" : 0,
      "isEnabled" : true,
      "remark" : "",
      "createdTime" : "2021-03-08T18:41:41",
      "createdBy" : 0,
      "createdByName" : "",
      "updatedTime" : "2021-03-08T21:16:32",
      "updatedBy" : 0,
      "updatedByName" : "",
      "leaf" : true,
      "icon" : "el-icon-menu",
      "path" : "/home/configView",
      "parentId" : 8,
      "sort" : 30,
      "subMenuList" : null,
      "hasSubMenu" : false
    } ],
    "hasSubMenu" : true
  } ],
  "exception" : null,
  "bizInfo" : null,
  "fail" : false,
  "success" : true
}
2021-12-11 11:18:38,906 [http-nio-8504-exec-1] INFO  -[AccoutSessionManager.java:41]- 使用从header获取sessionID为: 8424bab1-e6c7-47db-9b30-2bec9c265a54
2021-12-11 11:18:39,196 [http-nio-8504-exec-1] INFO  -[LogInterceptor.java:63]- URL            : http://127.0.0.1:8504/auth/web/access/doLogin
2021-12-11 11:18:39,201 [http-nio-8504-exec-1] INFO  -[LogInterceptor.java:65]- HTTP Method    : POST
2021-12-11 11:18:39,201 [http-nio-8504-exec-1] INFO  -[LogInterceptor.java:67]- Class Method   : com.jx.agile.auth.controller.access.LoginController.doLogin
2021-12-11 11:18:39,201 [http-nio-8504-exec-1] INFO  -[LogInterceptor.java:69]- IP     : 127.0.0.1
2021-12-11 11:18:39,202 [http-nio-8504-exec-1] INFO  -[LogInterceptor.java:71]- Request Args   : [ null, null, {
  "username" : null,
  "password" : null,
  "salt" : null,
  "user" : null
} ]
2021-12-11 11:18:39,237 [http-nio-8504-exec-1] INFO  -[LogInterceptor.java:110]- IP:127.0.0.1,request-url【http://127.0.0.1:8504/auth/web/access/doLogin】,Cost-Time：48,result:{
  "status" : 200,
  "message" : "操作成功",
  "data" : "eba3e999-58a7-42ff-9685-69be679761b1",
  "exception" : null,
  "bizInfo" : null,
  "fail" : false,
  "success" : true
}
2021-12-11 11:18:39,309 [http-nio-8504-exec-2] INFO  -[AccoutSessionManager.java:41]- 使用从header获取sessionID为: eba3e999-58a7-42ff-9685-69be679761b1
2021-12-11 11:18:39,352 [http-nio-8504-exec-2] INFO  -[LogInterceptor.java:63]- URL            : http://127.0.0.1:8504/auth/web/menu/getAll
2021-12-11 11:18:39,353 [http-nio-8504-exec-2] INFO  -[LogInterceptor.java:65]- HTTP Method    : GET
2021-12-11 11:18:39,353 [http-nio-8504-exec-2] INFO  -[LogInterceptor.java:67]- Class Method   : com.jx.agile.auth.controller.menu.MenuController.getAll
2021-12-11 11:18:39,354 [http-nio-8504-exec-2] INFO  -[LogInterceptor.java:69]- IP     : 127.0.0.1
2021-12-11 11:18:39,354 [http-nio-8504-exec-2] INFO  -[LogInterceptor.java:71]- Request Args   : [ ]
2021-12-11 11:18:39,471 [http-nio-8504-exec-2] INFO  -[LogInterceptor.java:110]- IP:127.0.0.1,request-url【http://127.0.0.1:8504/auth/web/menu/getAll】,Cost-Time：116,result:{
  "status" : 200,
  "message" : "操作成功",
  "data" : [ {
    "id" : 1,
    "code" : "sys",
    "name" : "系统管理",
    "version" : 0,
    "isEnabled" : true,
    "remark" : "",
    "createdTime" : "2021-03-08T18:41:41",
    "createdBy" : 0,
    "createdByName" : "",
    "updatedTime" : "2021-03-08T21:16:32",
    "updatedBy" : 0,
    "updatedByName" : "",
    "leaf" : false,
    "icon" : "el-icon-menu",
    "path" : "xtgl",
    "parentId" : 0,
    "sort" : 1,
    "subMenuList" : [ {
      "id" : 2,
      "code" : "menu",
      "name" : "菜单管理",
      "version" : 0,
      "isEnabled" : true,
      "remark" : "",
      "createdTime" : "2021-03-08T18:41:41",
      "createdBy" : 0,
      "createdByName" : "",
      "updatedTime" : "2021-03-08T20:25:36",
      "updatedBy" : 0,
      "updatedByName" : "",
      "leaf" : true,
      "icon" : "gl",
      "path" : "/home/menu",
      "parentId" : 1,
      "sort" : 10,
      "subMenuList" : null,
      "hasSubMenu" : false
    }, {
      "id" : 5,
      "code" : "account",
      "name" : "账号管理",
      "version" : 0,
      "isEnabled" : true,
      "remark" : "",
      "createdTime" : "2021-03-08T18:41:41",
      "createdBy" : 0,
      "createdByName" : "",
      "updatedTime" : "2021-03-08T20:25:36",
      "updatedBy" : 0,
      "updatedByName" : "",
      "leaf" : true,
      "icon" : "gl",
      "path" : "/home/account",
      "parentId" : 1,
      "sort" : 11,
      "subMenuList" : null,
      "hasSubMenu" : false
    }, {
      "id" : 6,
      "code" : "autoCode",
      "name" : "生成代码",
      "version" : 0,
      "isEnabled" : true,
      "remark" : "",
      "createdTime" : "2021-03-08T18:41:41",
      "createdBy" : 0,
      "createdByName" : "",
      "updatedTime" : "2021-03-09T19:43:56",
      "updatedBy" : 0,
      "updatedByName" : "",
      "leaf" : true,
      "icon" : "el-icon-menu",
      "path" : "/home/autoCode",
      "parentId" : 1,
      "sort" : 12,
      "subMenuList" : null,
      "hasSubMenu" : false
    }, {
      "id" : 7,
      "code" : "staff",
      "name" : "人员表单",
      "version" : 0,
      "isEnabled" : true,
      "remark" : "",
      "createdTime" : "2021-03-08T18:41:41",
      "createdBy" : 0,
      "createdByName" : "",
      "updatedTime" : "2021-03-16T14:36:05",
      "updatedBy" : 0,
      "updatedByName" : "",
      "leaf" : true,
      "icon" : "el-icon-menu",
      "path" : "/home/formView",
      "parentId" : 1,
      "sort" : 13,
      "subMenuList" : null,
      "hasSubMenu" : false
    } ],
    "hasSubMenu" : true
  }, {
    "id" : 3,
    "code" : "basic",
    "name" : "基础管理",
    "version" : 0,
    "isEnabled" : true,
    "remark" : "",
    "createdTime" : "2021-03-08T18:41:41",
    "createdBy" : 0,
    "createdByName" : "",
    "updatedTime" : "2021-03-08T21:16:35",
    "updatedBy" : 0,
    "updatedByName" : "",
    "leaf" : false,
    "icon" : "el-icon-menu",
    "path" : "basic",
    "parentId" : 0,
    "sort" : 2,
    "subMenuList" : [ {
      "id" : 4,
      "code" : "staff",
      "name" : "人员管理",
      "version" : 0,
      "isEnabled" : true,
      "remark" : "",
      "createdTime" : "2021-03-08T18:41:41",
      "createdBy" : 0,
      "createdByName" : "",
      "updatedTime" : "2021-03-08T20:25:43",
      "updatedBy" : 0,
      "updatedByName" : "",
      "leaf" : true,
      "icon" : "gl",
      "path" : "/home/staff",
      "parentId" : 3,
      "sort" : 20,
      "subMenuList" : null,
      "hasSubMenu" : false
    } ],
    "hasSubMenu" : true
  }, {
    "id" : 8,
    "code" : "config",
    "name" : "配置管理",
    "version" : 0,
    "isEnabled" : true,
    "remark" : "",
    "createdTime" : "2021-03-08T18:41:41",
    "createdBy" : 0,
    "createdByName" : "",
    "updatedTime" : "2021-03-08T21:16:32",
    "updatedBy" : 0,
    "updatedByName" : "",
    "leaf" : false,
    "icon" : "el-icon-menu",
    "path" : "config",
    "parentId" : 0,
    "sort" : 3,
    "subMenuList" : [ {
      "id" : 9,
      "code" : "configView",
      "name" : "页面配置",
      "version" : 0,
      "isEnabled" : true,
      "remark" : "",
      "createdTime" : "2021-03-08T18:41:41",
      "createdBy" : 0,
      "createdByName" : "",
      "updatedTime" : "2021-03-08T21:16:32",
      "updatedBy" : 0,
      "updatedByName" : "",
      "leaf" : true,
      "icon" : "el-icon-menu",
      "path" : "/home/configView",
      "parentId" : 8,
      "sort" : 30,
      "subMenuList" : null,
      "hasSubMenu" : false
    } ],
    "hasSubMenu" : true
  } ],
  "exception" : null,
  "bizInfo" : null,
  "fail" : false,
  "success" : true
}
