2021-02-23 17:45:47,721 [main] INFO  -[SpringApplication.java:651]- No active profile set, falling back to default profiles: default
2021-02-23 17:45:52,239 [main] INFO  -[StartupInfoLogger.java:61]- Started UserApplication in 6.274 seconds (JVM running for 7.543)
2021-02-23 17:48:34,930 [main] INFO  -[SpringApplication.java:651]- No active profile set, falling back to default profiles: default
2021-02-23 17:48:39,124 [main] INFO  -[StartupInfoLogger.java:61]- Started UserApplication in 5.997 seconds (JVM running for 7.335)
2021-02-23 17:54:59,660 [main] INFO  -[SpringApplication.java:651]- No active profile set, falling back to default profiles: default
2021-02-23 17:55:03,974 [main] INFO  -[StartupInfoLogger.java:61]- Started UserApplication in 5.856 seconds (JVM running for 7.572)
2021-02-23 17:56:07,970 [main] INFO  -[SpringApplication.java:651]- No active profile set, falling back to default profiles: default
2021-02-23 17:56:12,198 [main] INFO  -[StartupInfoLogger.java:61]- Started UserApplication in 5.786 seconds (JVM running for 7.343)
2021-02-23 17:58:12,175 [main] INFO  -[SpringApplication.java:651]- No active profile set, falling back to default profiles: default
2021-02-23 17:58:16,371 [main] INFO  -[StartupInfoLogger.java:61]- Started UserApplication in 5.418 seconds (JVM running for 6.928)
2021-02-23 18:04:38,447 [main] INFO  -[SpringApplication.java:651]- No active profile set, falling back to default profiles: default
2021-02-23 18:04:43,796 [main] INFO  -[StartupInfoLogger.java:61]- Started UserApplication in 7.416 seconds (JVM running for 10.897)
2021-02-23 18:09:54,516 [main] INFO  -[SpringApplication.java:651]- No active profile set, falling back to default profiles: default
2021-02-23 18:09:58,852 [main] INFO  -[StartupInfoLogger.java:61]- Started UserApplication in 6.063 seconds (JVM running for 8.504)
2021-02-23 18:19:24,293 [main] INFO  -[SpringApplication.java:651]- No active profile set, falling back to default profiles: default
2021-02-23 18:20:03,682 [main] INFO  -[SpringApplication.java:651]- No active profile set, falling back to default profiles: default
2021-02-23 18:22:27,708 [main] INFO  -[SpringApplication.java:651]- No active profile set, falling back to default profiles: default
2021-02-23 18:23:57,880 [main] INFO  -[SpringApplication.java:651]- No active profile set, falling back to default profiles: default
2021-02-23 18:24:02,288 [main] INFO  -[StartupInfoLogger.java:61]- Started UserApplication in 6.126 seconds (JVM running for 7.729)
2021-02-23 18:28:40,107 [main] INFO  -[SpringApplication.java:651]- No active profile set, falling back to default profiles: default
2021-02-23 18:28:44,636 [main] INFO  -[StartupInfoLogger.java:61]- Started UserApplication in 5.952 seconds (JVM running for 7.701)
2021-02-23 18:34:24,290 [main] INFO  -[SpringApplication.java:651]- No active profile set, falling back to default profiles: default
2021-02-23 18:34:28,452 [main] INFO  -[StartupInfoLogger.java:61]- Started UserApplication in 5.372 seconds (JVM running for 6.893)
2021-02-23 18:38:21,204 [main] INFO  -[SpringApplication.java:651]- No active profile set, falling back to default profiles: default
2021-02-23 18:38:25,792 [main] INFO  -[StartupInfoLogger.java:61]- Started UserApplication in 6.324 seconds (JVM running for 7.927)
2021-02-23 18:43:13,490 [main] INFO  -[SpringApplication.java:651]- No active profile set, falling back to default profiles: default
2021-02-23 18:43:35,399 [main] INFO  -[StartupInfoLogger.java:61]- Started UserApplication in 23.135 seconds (JVM running for 24.705)
2021-02-23 18:45:26,757 [main] INFO  -[SpringApplication.java:651]- No active profile set, falling back to default profiles: default
2021-02-23 18:46:07,466 [main] INFO  -[StartupInfoLogger.java:61]- Started UserApplication in 42.324 seconds (JVM running for 43.707)
2021-02-23 18:46:38,192 [main] INFO  -[SpringApplication.java:651]- No active profile set, falling back to default profiles: default
2021-02-23 18:46:44,829 [main] INFO  -[StartupInfoLogger.java:61]- Started UserApplication in 8.252 seconds (JVM running for 9.504)
2021-02-23 18:49:07,564 [main] INFO  -[SpringApplication.java:651]- No active profile set, falling back to default profiles: default
2021-02-23 18:49:46,432 [main] INFO  -[StartupInfoLogger.java:61]- Started UserApplication in 45.503 seconds (JVM running for 50.527)
2021-02-23 18:50:18,127 [main] INFO  -[SpringApplication.java:651]- No active profile set, falling back to default profiles: default
2021-02-23 18:50:25,430 [main] INFO  -[StartupInfoLogger.java:61]- Started UserApplication in 8.867 seconds (JVM running for 10.663)
2021-02-23 18:51:10,083 [main] INFO  -[SpringApplication.java:651]- No active profile set, falling back to default profiles: default
2021-02-23 18:51:18,140 [main] INFO  -[StartupInfoLogger.java:61]- Started UserApplication in 9.48 seconds (JVM running for 10.738)
2021-02-23 18:55:01,316 [main] INFO  -[SpringApplication.java:651]- No active profile set, falling back to default profiles: default
2021-02-23 18:55:08,068 [main] INFO  -[StartupInfoLogger.java:61]- Started UserApplication in 7.965 seconds (JVM running for 9.425)
2021-02-23 18:56:05,548 [main] INFO  -[SpringApplication.java:651]- No active profile set, falling back to default profiles: default
2021-02-23 18:57:28,268 [main] INFO  -[StartupInfoLogger.java:61]- Started UserApplication in 83.92 seconds (JVM running for 85.339)
2021-02-23 19:02:13,352 [main] INFO  -[SpringApplication.java:651]- No active profile set, falling back to default profiles: default
2021-02-23 19:02:21,924 [main] INFO  -[StartupInfoLogger.java:61]- Started UserApplication in 10.739 seconds (JVM running for 12.335)
2021-02-23 19:05:50,246 [main] INFO  -[SpringApplication.java:651]- No active profile set, falling back to default profiles: default
2021-02-23 19:06:20,697 [main] INFO  -[StartupInfoLogger.java:61]- Started UserApplication in 31.967 seconds (JVM running for 33.39)
2021-02-23 19:07:31,989 [main] INFO  -[SpringApplication.java:651]- No active profile set, falling back to default profiles: default
2021-02-23 19:07:39,211 [main] INFO  -[StartupInfoLogger.java:61]- Started UserApplication in 8.859 seconds (JVM running for 10.155)
2021-02-23 19:12:38,153 [main] INFO  -[SpringApplication.java:651]- No active profile set, falling back to default profiles: default
2021-02-23 19:12:45,938 [main] INFO  -[StartupInfoLogger.java:61]- Started UserApplication in 9.783 seconds (JVM running for 11.086)
2021-02-23 19:14:34,115 [main] INFO  -[SpringApplication.java:651]- No active profile set, falling back to default profiles: default
2021-02-23 19:14:40,960 [main] INFO  -[StartupInfoLogger.java:61]- Started UserApplication in 8.076 seconds (JVM running for 9.6)
2021-02-23 19:21:22,227 [main] INFO  -[SpringApplication.java:651]- No active profile set, falling back to default profiles: default
2021-02-23 19:21:38,703 [main] INFO  -[StartupInfoLogger.java:61]- Started UserApplication in 17.786 seconds (JVM running for 19.29)
2021-02-23 19:27:24,804 [main] INFO  -[SpringApplication.java:651]- No active profile set, falling back to default profiles: default
2021-02-23 19:28:03,376 [main] INFO  -[SpringApplication.java:651]- No active profile set, falling back to default profiles: default
2021-02-23 19:29:10,373 [main] INFO  -[SpringApplication.java:651]- No active profile set, falling back to default profiles: default
2021-02-23 19:29:30,318 [main] INFO  -[StartupInfoLogger.java:61]- Started UserApplication in 22.002 seconds (JVM running for 24.465)
2021-02-23 19:31:35,205 [main] INFO  -[SpringApplication.java:651]- No active profile set, falling back to default profiles: default
2021-02-23 19:31:42,145 [main] INFO  -[StartupInfoLogger.java:61]- Started UserApplication in 8.794 seconds (JVM running for 10.409)
2021-02-23 19:59:24,424 [main] INFO  -[SpringApplication.java:651]- No active profile set, falling back to default profiles: default
2021-02-23 19:59:49,513 [main] INFO  -[StartupInfoLogger.java:61]- Started UserApplication in 28.915 seconds (JVM running for 33.191)
2021-02-23 20:05:54,246 [main] INFO  -[SpringApplication.java:651]- No active profile set, falling back to default profiles: default
2021-02-23 20:06:09,938 [main] INFO  -[StartupInfoLogger.java:61]- Started UserApplication in 17.766 seconds (JVM running for 19.82)
2021-02-23 20:09:42,519 [main] INFO  -[SpringApplication.java:651]- No active profile set, falling back to default profiles: default
2021-02-23 20:09:47,589 [main] INFO  -[StartupInfoLogger.java:61]- Started UserApplication in 6.665 seconds (JVM running for 8.477)
2021-02-23 20:11:08,141 [main] INFO  -[SpringApplication.java:651]- No active profile set, falling back to default profiles: default
2021-02-23 20:11:12,941 [main] INFO  -[StartupInfoLogger.java:61]- Started UserApplication in 6.372 seconds (JVM running for 7.856)
2021-02-23 20:11:33,610 [main] INFO  -[SpringApplication.java:651]- No active profile set, falling back to default profiles: default
2021-02-23 20:11:38,916 [main] INFO  -[StartupInfoLogger.java:61]- Started UserApplication in 6.786 seconds (JVM running for 9.089)
2021-02-23 20:12:32,009 [main] INFO  -[SpringApplication.java:651]- No active profile set, falling back to default profiles: default
2021-02-23 20:12:37,754 [main] INFO  -[StartupInfoLogger.java:61]- Started UserApplication in 7.269 seconds (JVM running for 9.231)
2021-02-23 20:13:29,812 [main] INFO  -[SpringApplication.java:651]- No active profile set, falling back to default profiles: default
2021-02-23 20:14:22,513 [main] INFO  -[SpringApplication.java:651]- No active profile set, falling back to default profiles: default
2021-02-23 20:15:32,419 [main] INFO  -[SpringApplication.java:651]- No active profile set, falling back to default profiles: default
2021-02-23 20:15:38,049 [main] INFO  -[StartupInfoLogger.java:61]- Started UserApplication in 7.792 seconds (JVM running for 9.21)
2021-02-23 20:15:49,039 [http-nio-8671-exec-2] INFO  -[LogInterceptor.java:109]- URL            : http://127.0.0.1:8671/user/api/list
2021-02-23 20:15:49,039 [http-nio-8671-exec-2] INFO  -[LogInterceptor.java:111]- HTTP Method    : GET
2021-02-23 20:15:49,043 [http-nio-8671-exec-2] INFO  -[LogInterceptor.java:113]- Class Method   : com.jx.agile.client.controller.UserController.list
2021-02-23 20:15:49,044 [http-nio-8671-exec-2] INFO  -[LogInterceptor.java:115]- IP     : 127.0.0.1
2021-02-23 20:15:49,063 [http-nio-8671-exec-2] INFO  -[LogInterceptor.java:117]- Request Args   : [ ]
2021-02-23 20:15:54,977 [http-nio-8671-exec-2] WARN  -[LogInterceptor.java:153]- IP:127.0.0.1,request-url【http://127.0.0.1:8671/user/api/list】,Cost-Time：5939,result:""
2021-02-23 20:18:06,804 [main] INFO  -[SpringApplication.java:651]- No active profile set, falling back to default profiles: default
2021-02-23 20:18:13,495 [main] INFO  -[StartupInfoLogger.java:61]- Started UserApplication in 9.131 seconds (JVM running for 12.01)
2021-02-23 20:18:13,826 [http-nio-8671-exec-1] INFO  -[LogInterceptor.java:109]- URL            : http://127.0.0.1:8671/user/api/list
2021-02-23 20:18:13,827 [http-nio-8671-exec-1] INFO  -[LogInterceptor.java:111]- HTTP Method    : GET
2021-02-23 20:18:13,829 [http-nio-8671-exec-1] INFO  -[LogInterceptor.java:113]- Class Method   : com.jx.agile.client.controller.UserController.list
2021-02-23 20:18:13,830 [http-nio-8671-exec-1] INFO  -[LogInterceptor.java:115]- IP     : 127.0.0.1
2021-02-23 20:18:13,849 [http-nio-8671-exec-1] INFO  -[LogInterceptor.java:117]- Request Args   : [ ]
2021-02-23 20:18:53,648 [http-nio-8671-exec-1] WARN  -[LogInterceptor.java:153]- IP:127.0.0.1,request-url【http://127.0.0.1:8671/user/api/list】,Cost-Time：39820,result:""
2021-02-23 20:19:47,262 [main] INFO  -[SpringApplication.java:651]- No active profile set, falling back to default profiles: default
2021-02-23 20:19:52,344 [main] INFO  -[StartupInfoLogger.java:61]- Started UserApplication in 6.287 seconds (JVM running for 8.614)
2021-02-23 20:19:55,168 [http-nio-8671-exec-1] INFO  -[LogInterceptor.java:109]- URL            : http://127.0.0.1:8671/user/api/list
2021-02-23 20:19:55,168 [http-nio-8671-exec-1] INFO  -[LogInterceptor.java:111]- HTTP Method    : GET
2021-02-23 20:19:55,172 [http-nio-8671-exec-1] INFO  -[LogInterceptor.java:113]- Class Method   : com.jx.agile.client.controller.UserController.list
2021-02-23 20:19:55,172 [http-nio-8671-exec-1] INFO  -[LogInterceptor.java:115]- IP     : 127.0.0.1
2021-02-23 20:19:55,192 [http-nio-8671-exec-1] INFO  -[LogInterceptor.java:117]- Request Args   : [ ]
2021-02-23 20:19:58,686 [http-nio-8671-exec-1] WARN  -[LogInterceptor.java:151]- IP:127.0.0.1,request-url【http://127.0.0.1:8671/user/api/list】,Cost-Time：3519,result:""
