2021-12-14 18:17:40,035 [main] INFO  -[SpringApplication.java:651]- No active profile set, falling back to default profiles: default
2021-12-14 18:17:54,491 [main] INFO  -[StartupInfoLogger.java:61]- Started CommonWebApplication in 18.74 seconds (JVM running for 24.23)
2021-12-14 18:17:59,099 [main] INFO  -[SpringApplication.java:651]- No active profile set, falling back to default profiles: default
2021-12-14 18:18:09,329 [main] INFO  -[StartupInfoLogger.java:61]- Started BasicWebApplication in 13.987 seconds (JVM running for 18.746)
2021-12-14 19:27:25,356 [main] INFO  -[SpringApplication.java:651]- No active profile set, falling back to default profiles: default
2021-12-14 19:27:37,051 [main] INFO  -[StartupInfoLogger.java:61]- Started AuthWebApplication in 14.341 seconds (JVM running for 18.458)
2021-12-14 19:29:44,466 [http-nio-8504-exec-1] INFO  -[AccoutSessionManager.java:48]- 使用默认模式从cookie获取sessionID为: null
2021-12-14 19:29:44,538 [http-nio-8504-exec-1] INFO  -[LogInterceptor.java:63]- URL            : http://127.0.0.1:8504/auth/web/access/doLogin
2021-12-14 19:29:44,538 [http-nio-8504-exec-1] INFO  -[LogInterceptor.java:65]- HTTP Method    : POST
2021-12-14 19:29:44,541 [http-nio-8504-exec-1] INFO  -[LogInterceptor.java:67]- Class Method   : com.jx.agile.auth.controller.access.LoginController.doLogin
2021-12-14 19:29:44,541 [http-nio-8504-exec-1] INFO  -[LogInterceptor.java:69]- IP     : 127.0.0.1
2021-12-14 19:29:44,542 [http-nio-8504-exec-1] INFO  -[LogInterceptor.java:71]- Request Args   : [ null, null, {
  "username" : null,
  "password" : null,
  "salt" : null,
  "user" : null
} ]
2021-12-14 19:29:44,622 [http-nio-8504-exec-1] INFO  -[LogInterceptor.java:110]- IP:127.0.0.1,request-url【http://127.0.0.1:8504/auth/web/access/doLogin】,Cost-Time：99,result:{
  "status" : 200,
  "message" : "操作成功",
  "data" : "a84d501d-9d4e-4d1d-8be5-de024e737489",
  "exception" : null,
  "bizInfo" : null,
  "success" : true,
  "fail" : false
}
2021-12-14 19:29:44,713 [http-nio-8504-exec-3] INFO  -[AccoutSessionManager.java:41]- 使用从header获取sessionID为: a84d501d-9d4e-4d1d-8be5-de024e737489
2021-12-14 19:29:44,737 [http-nio-8504-exec-3] INFO  -[LogInterceptor.java:63]- URL            : http://127.0.0.1:8504/auth/web/menu/getAll
2021-12-14 19:29:44,738 [http-nio-8504-exec-3] INFO  -[LogInterceptor.java:65]- HTTP Method    : GET
2021-12-14 19:29:44,739 [http-nio-8504-exec-3] INFO  -[LogInterceptor.java:67]- Class Method   : com.jx.agile.auth.controller.menu.MenuController.getAll
2021-12-14 19:29:44,739 [http-nio-8504-exec-3] INFO  -[LogInterceptor.java:69]- IP     : 127.0.0.1
2021-12-14 19:29:44,739 [http-nio-8504-exec-3] INFO  -[LogInterceptor.java:71]- Request Args   : [ ]
2021-12-14 19:29:45,130 [http-nio-8504-exec-3] INFO  -[LogInterceptor.java:110]- IP:127.0.0.1,request-url【http://127.0.0.1:8504/auth/web/menu/getAll】,Cost-Time：383,result:{
  "status" : 200,
  "message" : "操作成功",
  "data" : [ {
    "id" : 1,
    "code" : "sys",
    "name" : "系统管理",
    "version" : 0,
    "isEnabled" : true,
    "remark" : "",
    "createdTime" : "2021-03-08T18:41:41",
    "createdBy" : 0,
    "createdByName" : "",
    "updatedTime" : "2021-03-08T21:16:32",
    "updatedBy" : 0,
    "updatedByName" : "",
    "leaf" : false,
    "icon" : "el-icon-menu",
    "path" : "xtgl",
    "parentId" : 0,
    "sort" : 1,
    "subMenuList" : [ {
      "id" : 2,
      "code" : "menu",
      "name" : "菜单管理",
      "version" : 0,
      "isEnabled" : true,
      "remark" : "",
      "createdTime" : "2021-03-08T18:41:41",
      "createdBy" : 0,
      "createdByName" : "",
      "updatedTime" : "2021-03-08T20:25:36",
      "updatedBy" : 0,
      "updatedByName" : "",
      "leaf" : true,
      "icon" : "gl",
      "path" : "/home/menu",
      "parentId" : 1,
      "sort" : 10,
      "subMenuList" : null,
      "hasSubMenu" : false
    }, {
      "id" : 5,
      "code" : "account",
      "name" : "账号管理",
      "version" : 0,
      "isEnabled" : true,
      "remark" : "",
      "createdTime" : "2021-03-08T18:41:41",
      "createdBy" : 0,
      "createdByName" : "",
      "updatedTime" : "2021-03-08T20:25:36",
      "updatedBy" : 0,
      "updatedByName" : "",
      "leaf" : true,
      "icon" : "gl",
      "path" : "/home/account",
      "parentId" : 1,
      "sort" : 11,
      "subMenuList" : null,
      "hasSubMenu" : false
    }, {
      "id" : 6,
      "code" : "autoCode",
      "name" : "生成代码",
      "version" : 0,
      "isEnabled" : true,
      "remark" : "",
      "createdTime" : "2021-03-08T18:41:41",
      "createdBy" : 0,
      "createdByName" : "",
      "updatedTime" : "2021-03-09T19:43:56",
      "updatedBy" : 0,
      "updatedByName" : "",
      "leaf" : true,
      "icon" : "el-icon-menu",
      "path" : "/home/autoCode",
      "parentId" : 1,
      "sort" : 12,
      "subMenuList" : null,
      "hasSubMenu" : false
    }, {
      "id" : 7,
      "code" : "staff",
      "name" : "人员表单",
      "version" : 0,
      "isEnabled" : true,
      "remark" : "",
      "createdTime" : "2021-03-08T18:41:41",
      "createdBy" : 0,
      "createdByName" : "",
      "updatedTime" : "2021-03-16T14:36:05",
      "updatedBy" : 0,
      "updatedByName" : "",
      "leaf" : true,
      "icon" : "el-icon-menu",
      "path" : "/home/formView",
      "parentId" : 1,
      "sort" : 13,
      "subMenuList" : null,
      "hasSubMenu" : false
    } ],
    "hasSubMenu" : true
  }, {
    "id" : 3,
    "code" : "basic",
    "name" : "基础管理",
    "version" : 0,
    "isEnabled" : true,
    "remark" : "",
    "createdTime" : "2021-03-08T18:41:41",
    "createdBy" : 0,
    "createdByName" : "",
    "updatedTime" : "2021-03-08T21:16:35",
    "updatedBy" : 0,
    "updatedByName" : "",
    "leaf" : false,
    "icon" : "el-icon-menu",
    "path" : "basic",
    "parentId" : 0,
    "sort" : 2,
    "subMenuList" : [ {
      "id" : 4,
      "code" : "staff",
      "name" : "人员管理",
      "version" : 0,
      "isEnabled" : true,
      "remark" : "",
      "createdTime" : "2021-03-08T18:41:41",
      "createdBy" : 0,
      "createdByName" : "",
      "updatedTime" : "2021-03-08T20:25:43",
      "updatedBy" : 0,
      "updatedByName" : "",
      "leaf" : true,
      "icon" : "gl",
      "path" : "/home/staff",
      "parentId" : 3,
      "sort" : 20,
      "subMenuList" : null,
      "hasSubMenu" : false
    } ],
    "hasSubMenu" : true
  }, {
    "id" : 8,
    "code" : "config",
    "name" : "配置管理",
    "version" : 0,
    "isEnabled" : true,
    "remark" : "",
    "createdTime" : "2021-03-08T18:41:41",
    "createdBy" : 0,
    "createdByName" : "",
    "updatedTime" : "2021-03-08T21:16:32",
    "updatedBy" : 0,
    "updatedByName" : "",
    "leaf" : false,
    "icon" : "el-icon-menu",
    "path" : "config",
    "parentId" : 0,
    "sort" : 3,
    "subMenuList" : [ {
      "id" : 9,
      "code" : "configView",
      "name" : "页面配置",
      "version" : 0,
      "isEnabled" : true,
      "remark" : "",
      "createdTime" : "2021-03-08T18:41:41",
      "createdBy" : 0,
      "createdByName" : "",
      "updatedTime" : "2021-03-08T21:16:32",
      "updatedBy" : 0,
      "updatedByName" : "",
      "leaf" : true,
      "icon" : "el-icon-menu",
      "path" : "/home/configView",
      "parentId" : 8,
      "sort" : 30,
      "subMenuList" : null,
      "hasSubMenu" : false
    } ],
    "hasSubMenu" : true
  } ],
  "exception" : null,
  "bizInfo" : null,
  "success" : true,
  "fail" : false
}
2021-12-15 16:11:36,336 [http-nio-8504-exec-2] INFO  -[AccoutSessionManager.java:41]- 使用从header获取sessionID为: a84d501d-9d4e-4d1d-8be5-de024e737489
2021-12-15 16:11:36,658 [http-nio-8504-exec-4] INFO  -[AccoutSessionManager.java:41]- 使用从header获取sessionID为: a84d501d-9d4e-4d1d-8be5-de024e737489
2021-12-15 16:11:36,731 [http-nio-8504-exec-4] INFO  -[LogInterceptor.java:63]- URL            : http://127.0.0.1:8504/auth/web/access/login
2021-12-15 16:11:36,732 [http-nio-8504-exec-4] INFO  -[LogInterceptor.java:65]- HTTP Method    : GET
2021-12-15 16:11:36,733 [http-nio-8504-exec-4] INFO  -[LogInterceptor.java:67]- Class Method   : com.jx.agile.auth.controller.access.LoginController.login
2021-12-15 16:11:36,733 [http-nio-8504-exec-4] INFO  -[LogInterceptor.java:69]- IP     : 127.0.0.1
2021-12-15 16:11:36,734 [http-nio-8504-exec-4] INFO  -[LogInterceptor.java:71]- Request Args   : [ ]
2021-12-15 16:11:36,736 [http-nio-8504-exec-4] INFO  -[LogInterceptor.java:110]- IP:127.0.0.1,request-url【http://127.0.0.1:8504/auth/web/access/login】,Cost-Time：9,result:{
  "status" : 401,
  "message" : "您还未登录系统，请先登录！",
  "data" : null,
  "exception" : null,
  "bizInfo" : null,
  "success" : false,
  "fail" : true
}
2021-12-15 16:11:38,124 [http-nio-8504-exec-7] INFO  -[AccoutSessionManager.java:41]- 使用从header获取sessionID为: a84d501d-9d4e-4d1d-8be5-de024e737489
2021-12-15 16:11:38,135 [http-nio-8504-exec-7] INFO  -[LogInterceptor.java:63]- URL            : http://127.0.0.1:8504/auth/web/access/doLogin
2021-12-15 16:11:38,136 [http-nio-8504-exec-7] INFO  -[LogInterceptor.java:65]- HTTP Method    : POST
2021-12-15 16:11:38,136 [http-nio-8504-exec-7] INFO  -[LogInterceptor.java:67]- Class Method   : com.jx.agile.auth.controller.access.LoginController.doLogin
2021-12-15 16:11:38,136 [http-nio-8504-exec-7] INFO  -[LogInterceptor.java:69]- IP     : 127.0.0.1
2021-12-15 16:11:38,136 [http-nio-8504-exec-7] INFO  -[LogInterceptor.java:71]- Request Args   : [ null, null, {
  "username" : null,
  "password" : null,
  "salt" : null,
  "user" : null
} ]
2021-12-15 16:11:38,153 [http-nio-8504-exec-7] INFO  -[LogInterceptor.java:110]- IP:127.0.0.1,request-url【http://127.0.0.1:8504/auth/web/access/doLogin】,Cost-Time：17,result:{
  "status" : 200,
  "message" : "操作成功",
  "data" : "a9de947c-84d6-4f79-abbd-687241426fde",
  "exception" : null,
  "bizInfo" : null,
  "success" : true,
  "fail" : false
}
2021-12-15 16:11:40,602 [http-nio-8504-exec-5] INFO  -[AccoutSessionManager.java:41]- 使用从header获取sessionID为: a9de947c-84d6-4f79-abbd-687241426fde
2021-12-15 16:11:40,614 [http-nio-8504-exec-5] INFO  -[LogInterceptor.java:63]- URL            : http://127.0.0.1:8504/auth/web/menu/getAll
2021-12-15 16:11:40,614 [http-nio-8504-exec-5] INFO  -[LogInterceptor.java:65]- HTTP Method    : GET
2021-12-15 16:11:40,615 [http-nio-8504-exec-5] INFO  -[LogInterceptor.java:67]- Class Method   : com.jx.agile.auth.controller.menu.MenuController.getAll
2021-12-15 16:11:40,615 [http-nio-8504-exec-5] INFO  -[LogInterceptor.java:69]- IP     : 127.0.0.1
2021-12-15 16:11:40,616 [http-nio-8504-exec-5] INFO  -[LogInterceptor.java:71]- Request Args   : [ ]
2021-12-15 16:11:40,737 [http-nio-8504-exec-5] INFO  -[LogInterceptor.java:110]- IP:127.0.0.1,request-url【http://127.0.0.1:8504/auth/web/menu/getAll】,Cost-Time：118,result:{
  "status" : 200,
  "message" : "操作成功",
  "data" : [ {
    "id" : 1,
    "code" : "sys",
    "name" : "系统管理",
    "version" : 0,
    "isEnabled" : true,
    "remark" : "",
    "createdTime" : "2021-03-08T18:41:41",
    "createdBy" : 0,
    "createdByName" : "",
    "updatedTime" : "2021-03-08T21:16:32",
    "updatedBy" : 0,
    "updatedByName" : "",
    "leaf" : false,
    "icon" : "el-icon-menu",
    "path" : "xtgl",
    "parentId" : 0,
    "sort" : 1,
    "subMenuList" : [ {
      "id" : 2,
      "code" : "menu",
      "name" : "菜单管理",
      "version" : 0,
      "isEnabled" : true,
      "remark" : "",
      "createdTime" : "2021-03-08T18:41:41",
      "createdBy" : 0,
      "createdByName" : "",
      "updatedTime" : "2021-03-08T20:25:36",
      "updatedBy" : 0,
      "updatedByName" : "",
      "leaf" : true,
      "icon" : "gl",
      "path" : "/home/menu",
      "parentId" : 1,
      "sort" : 10,
      "subMenuList" : null,
      "hasSubMenu" : false
    }, {
      "id" : 5,
      "code" : "account",
      "name" : "账号管理",
      "version" : 0,
      "isEnabled" : true,
      "remark" : "",
      "createdTime" : "2021-03-08T18:41:41",
      "createdBy" : 0,
      "createdByName" : "",
      "updatedTime" : "2021-03-08T20:25:36",
      "updatedBy" : 0,
      "updatedByName" : "",
      "leaf" : true,
      "icon" : "gl",
      "path" : "/home/account",
      "parentId" : 1,
      "sort" : 11,
      "subMenuList" : null,
      "hasSubMenu" : false
    }, {
      "id" : 6,
      "code" : "autoCode",
      "name" : "生成代码",
      "version" : 0,
      "isEnabled" : true,
      "remark" : "",
      "createdTime" : "2021-03-08T18:41:41",
      "createdBy" : 0,
      "createdByName" : "",
      "updatedTime" : "2021-03-09T19:43:56",
      "updatedBy" : 0,
      "updatedByName" : "",
      "leaf" : true,
      "icon" : "el-icon-menu",
      "path" : "/home/autoCode",
      "parentId" : 1,
      "sort" : 12,
      "subMenuList" : null,
      "hasSubMenu" : false
    }, {
      "id" : 7,
      "code" : "staff",
      "name" : "人员表单",
      "version" : 0,
      "isEnabled" : true,
      "remark" : "",
      "createdTime" : "2021-03-08T18:41:41",
      "createdBy" : 0,
      "createdByName" : "",
      "updatedTime" : "2021-03-16T14:36:05",
      "updatedBy" : 0,
      "updatedByName" : "",
      "leaf" : true,
      "icon" : "el-icon-menu",
      "path" : "/home/formView",
      "parentId" : 1,
      "sort" : 13,
      "subMenuList" : null,
      "hasSubMenu" : false
    } ],
    "hasSubMenu" : true
  }, {
    "id" : 3,
    "code" : "basic",
    "name" : "基础管理",
    "version" : 0,
    "isEnabled" : true,
    "remark" : "",
    "createdTime" : "2021-03-08T18:41:41",
    "createdBy" : 0,
    "createdByName" : "",
    "updatedTime" : "2021-03-08T21:16:35",
    "updatedBy" : 0,
    "updatedByName" : "",
    "leaf" : false,
    "icon" : "el-icon-menu",
    "path" : "basic",
    "parentId" : 0,
    "sort" : 2,
    "subMenuList" : [ {
      "id" : 4,
      "code" : "staff",
      "name" : "人员管理",
      "version" : 0,
      "isEnabled" : true,
      "remark" : "",
      "createdTime" : "2021-03-08T18:41:41",
      "createdBy" : 0,
      "createdByName" : "",
      "updatedTime" : "2021-03-08T20:25:43",
      "updatedBy" : 0,
      "updatedByName" : "",
      "leaf" : true,
      "icon" : "gl",
      "path" : "/home/staff",
      "parentId" : 3,
      "sort" : 20,
      "subMenuList" : null,
      "hasSubMenu" : false
    } ],
    "hasSubMenu" : true
  }, {
    "id" : 8,
    "code" : "config",
    "name" : "配置管理",
    "version" : 0,
    "isEnabled" : true,
    "remark" : "",
    "createdTime" : "2021-03-08T18:41:41",
    "createdBy" : 0,
    "createdByName" : "",
    "updatedTime" : "2021-03-08T21:16:32",
    "updatedBy" : 0,
    "updatedByName" : "",
    "leaf" : false,
    "icon" : "el-icon-menu",
    "path" : "config",
    "parentId" : 0,
    "sort" : 3,
    "subMenuList" : [ {
      "id" : 9,
      "code" : "configView",
      "name" : "页面配置",
      "version" : 0,
      "isEnabled" : true,
      "remark" : "",
      "createdTime" : "2021-03-08T18:41:41",
      "createdBy" : 0,
      "createdByName" : "",
      "updatedTime" : "2021-03-08T21:16:32",
      "updatedBy" : 0,
      "updatedByName" : "",
      "leaf" : true,
      "icon" : "el-icon-menu",
      "path" : "/home/configView",
      "parentId" : 8,
      "sort" : 30,
      "subMenuList" : null,
      "hasSubMenu" : false
    } ],
    "hasSubMenu" : true
  } ],
  "exception" : null,
  "bizInfo" : null,
  "success" : true,
  "fail" : false
}
2021-12-15 16:16:20,078 [http-nio-8504-exec-8] INFO  -[AccoutSessionManager.java:41]- 使用从header获取sessionID为: a9de947c-84d6-4f79-abbd-687241426fde
2021-12-15 16:16:20,092 [http-nio-8504-exec-8] INFO  -[LogInterceptor.java:63]- URL            : http://127.0.0.1:8504/auth/web/menu/getAll
2021-12-15 16:16:20,093 [http-nio-8504-exec-8] INFO  -[LogInterceptor.java:65]- HTTP Method    : GET
2021-12-15 16:16:20,093 [http-nio-8504-exec-8] INFO  -[LogInterceptor.java:67]- Class Method   : com.jx.agile.auth.controller.menu.MenuController.getAll
2021-12-15 16:16:20,093 [http-nio-8504-exec-8] INFO  -[LogInterceptor.java:69]- IP     : 127.0.0.1
2021-12-15 16:16:20,093 [http-nio-8504-exec-8] INFO  -[LogInterceptor.java:71]- Request Args   : [ ]
2021-12-15 16:16:20,113 [http-nio-8504-exec-8] INFO  -[LogInterceptor.java:110]- IP:127.0.0.1,request-url【http://127.0.0.1:8504/auth/web/menu/getAll】,Cost-Time：19,result:{
  "status" : 200,
  "message" : "操作成功",
  "data" : [ {
    "id" : 1,
    "code" : "sys",
    "name" : "系统管理",
    "version" : 0,
    "isEnabled" : true,
    "remark" : "",
    "createdTime" : "2021-03-08T18:41:41",
    "createdBy" : 0,
    "createdByName" : "",
    "updatedTime" : "2021-03-08T21:16:32",
    "updatedBy" : 0,
    "updatedByName" : "",
    "leaf" : false,
    "icon" : "el-icon-menu",
    "path" : "xtgl",
    "parentId" : 0,
    "sort" : 1,
    "subMenuList" : [ {
      "id" : 2,
      "code" : "menu",
      "name" : "菜单管理",
      "version" : 0,
      "isEnabled" : true,
      "remark" : "",
      "createdTime" : "2021-03-08T18:41:41",
      "createdBy" : 0,
      "createdByName" : "",
      "updatedTime" : "2021-03-08T20:25:36",
      "updatedBy" : 0,
      "updatedByName" : "",
      "leaf" : true,
      "icon" : "gl",
      "path" : "/home/menu",
      "parentId" : 1,
      "sort" : 10,
      "subMenuList" : null,
      "hasSubMenu" : false
    }, {
      "id" : 5,
      "code" : "account",
      "name" : "账号管理",
      "version" : 0,
      "isEnabled" : true,
      "remark" : "",
      "createdTime" : "2021-03-08T18:41:41",
      "createdBy" : 0,
      "createdByName" : "",
      "updatedTime" : "2021-03-08T20:25:36",
      "updatedBy" : 0,
      "updatedByName" : "",
      "leaf" : true,
      "icon" : "gl",
      "path" : "/home/account",
      "parentId" : 1,
      "sort" : 11,
      "subMenuList" : null,
      "hasSubMenu" : false
    }, {
      "id" : 6,
      "code" : "autoCode",
      "name" : "生成代码",
      "version" : 0,
      "isEnabled" : true,
      "remark" : "",
      "createdTime" : "2021-03-08T18:41:41",
      "createdBy" : 0,
      "createdByName" : "",
      "updatedTime" : "2021-03-09T19:43:56",
      "updatedBy" : 0,
      "updatedByName" : "",
      "leaf" : true,
      "icon" : "el-icon-menu",
      "path" : "/home/autoCode",
      "parentId" : 1,
      "sort" : 12,
      "subMenuList" : null,
      "hasSubMenu" : false
    }, {
      "id" : 7,
      "code" : "staff",
      "name" : "人员表单",
      "version" : 0,
      "isEnabled" : true,
      "remark" : "",
      "createdTime" : "2021-03-08T18:41:41",
      "createdBy" : 0,
      "createdByName" : "",
      "updatedTime" : "2021-03-16T14:36:05",
      "updatedBy" : 0,
      "updatedByName" : "",
      "leaf" : true,
      "icon" : "el-icon-menu",
      "path" : "/home/formView",
      "parentId" : 1,
      "sort" : 13,
      "subMenuList" : null,
      "hasSubMenu" : false
    } ],
    "hasSubMenu" : true
  }, {
    "id" : 3,
    "code" : "basic",
    "name" : "基础管理",
    "version" : 0,
    "isEnabled" : true,
    "remark" : "",
    "createdTime" : "2021-03-08T18:41:41",
    "createdBy" : 0,
    "createdByName" : "",
    "updatedTime" : "2021-03-08T21:16:35",
    "updatedBy" : 0,
    "updatedByName" : "",
    "leaf" : false,
    "icon" : "el-icon-menu",
    "path" : "basic",
    "parentId" : 0,
    "sort" : 2,
    "subMenuList" : [ {
      "id" : 4,
      "code" : "staff",
      "name" : "人员管理",
      "version" : 0,
      "isEnabled" : true,
      "remark" : "",
      "createdTime" : "2021-03-08T18:41:41",
      "createdBy" : 0,
      "createdByName" : "",
      "updatedTime" : "2021-03-08T20:25:43",
      "updatedBy" : 0,
      "updatedByName" : "",
      "leaf" : true,
      "icon" : "gl",
      "path" : "/home/staff",
      "parentId" : 3,
      "sort" : 20,
      "subMenuList" : null,
      "hasSubMenu" : false
    } ],
    "hasSubMenu" : true
  }, {
    "id" : 8,
    "code" : "config",
    "name" : "配置管理",
    "version" : 0,
    "isEnabled" : true,
    "remark" : "",
    "createdTime" : "2021-03-08T18:41:41",
    "createdBy" : 0,
    "createdByName" : "",
    "updatedTime" : "2021-03-08T21:16:32",
    "updatedBy" : 0,
    "updatedByName" : "",
    "leaf" : false,
    "icon" : "el-icon-menu",
    "path" : "config",
    "parentId" : 0,
    "sort" : 3,
    "subMenuList" : [ {
      "id" : 9,
      "code" : "configView",
      "name" : "页面配置",
      "version" : 0,
      "isEnabled" : true,
      "remark" : "",
      "createdTime" : "2021-03-08T18:41:41",
      "createdBy" : 0,
      "createdByName" : "",
      "updatedTime" : "2021-03-08T21:16:32",
      "updatedBy" : 0,
      "updatedByName" : "",
      "leaf" : true,
      "icon" : "el-icon-menu",
      "path" : "/home/configView",
      "parentId" : 8,
      "sort" : 30,
      "subMenuList" : null,
      "hasSubMenu" : false
    } ],
    "hasSubMenu" : true
  } ],
  "exception" : null,
  "bizInfo" : null,
  "success" : true,
  "fail" : false
}
2021-12-16 00:04:16,442 [http-nio-8504-exec-6] INFO  -[AccoutSessionManager.java:41]- 使用从header获取sessionID为: a9de947c-84d6-4f79-abbd-687241426fde
2021-12-16 00:04:16,563 [http-nio-8504-exec-9] INFO  -[AccoutSessionManager.java:41]- 使用从header获取sessionID为: a9de947c-84d6-4f79-abbd-687241426fde
2021-12-16 00:04:16,589 [http-nio-8504-exec-9] INFO  -[LogInterceptor.java:63]- URL            : http://127.0.0.1:8504/auth/web/access/login
2021-12-16 00:04:16,591 [http-nio-8504-exec-9] INFO  -[LogInterceptor.java:65]- HTTP Method    : GET
2021-12-16 00:04:16,592 [http-nio-8504-exec-9] INFO  -[LogInterceptor.java:67]- Class Method   : com.jx.agile.auth.controller.access.LoginController.login
2021-12-16 00:04:16,592 [http-nio-8504-exec-9] INFO  -[LogInterceptor.java:69]- IP     : 127.0.0.1
2021-12-16 00:04:16,592 [http-nio-8504-exec-9] INFO  -[LogInterceptor.java:71]- Request Args   : [ ]
2021-12-16 00:04:16,595 [http-nio-8504-exec-9] INFO  -[LogInterceptor.java:110]- IP:127.0.0.1,request-url【http://127.0.0.1:8504/auth/web/access/login】,Cost-Time：7,result:{
  "status" : 401,
  "message" : "您还未登录系统，请先登录！",
  "data" : null,
  "exception" : null,
  "bizInfo" : null,
  "success" : false,
  "fail" : true
}
2021-12-16 00:04:18,886 [http-nio-8504-exec-10] INFO  -[AccoutSessionManager.java:41]- 使用从header获取sessionID为: a9de947c-84d6-4f79-abbd-687241426fde
2021-12-16 00:04:18,905 [http-nio-8504-exec-10] INFO  -[LogInterceptor.java:63]- URL            : http://127.0.0.1:8504/auth/web/access/doLogin
2021-12-16 00:04:18,906 [http-nio-8504-exec-10] INFO  -[LogInterceptor.java:65]- HTTP Method    : POST
2021-12-16 00:04:18,907 [http-nio-8504-exec-10] INFO  -[LogInterceptor.java:67]- Class Method   : com.jx.agile.auth.controller.access.LoginController.doLogin
2021-12-16 00:04:18,908 [http-nio-8504-exec-10] INFO  -[LogInterceptor.java:69]- IP     : 127.0.0.1
2021-12-16 00:04:18,909 [http-nio-8504-exec-10] INFO  -[LogInterceptor.java:71]- Request Args   : [ null, null, {
  "username" : null,
  "password" : null,
  "salt" : null,
  "user" : null
} ]
2021-12-16 00:04:18,946 [http-nio-8504-exec-10] INFO  -[LogInterceptor.java:110]- IP:127.0.0.1,request-url【http://127.0.0.1:8504/auth/web/access/doLogin】,Cost-Time：43,result:{
  "status" : 200,
  "message" : "操作成功",
  "data" : "b1b3bbcd-fcff-45be-bac4-63606763c47f",
  "exception" : null,
  "bizInfo" : null,
  "success" : true,
  "fail" : false
}
2021-12-16 00:04:21,672 [http-nio-8504-exec-1] INFO  -[AccoutSessionManager.java:41]- 使用从header获取sessionID为: b1b3bbcd-fcff-45be-bac4-63606763c47f
2021-12-16 00:04:21,680 [http-nio-8504-exec-1] INFO  -[LogInterceptor.java:63]- URL            : http://127.0.0.1:8504/auth/web/menu/getAll
2021-12-16 00:04:21,681 [http-nio-8504-exec-1] INFO  -[LogInterceptor.java:65]- HTTP Method    : GET
2021-12-16 00:04:21,681 [http-nio-8504-exec-1] INFO  -[LogInterceptor.java:67]- Class Method   : com.jx.agile.auth.controller.menu.MenuController.getAll
2021-12-16 00:04:21,682 [http-nio-8504-exec-1] INFO  -[LogInterceptor.java:69]- IP     : 127.0.0.1
2021-12-16 00:04:21,682 [http-nio-8504-exec-1] INFO  -[LogInterceptor.java:71]- Request Args   : [ ]
2021-12-16 00:04:21,813 [http-nio-8504-exec-1] INFO  -[LogInterceptor.java:110]- IP:127.0.0.1,request-url【http://127.0.0.1:8504/auth/web/menu/getAll】,Cost-Time：130,result:{
  "status" : 200,
  "message" : "操作成功",
  "data" : [ {
    "id" : 1,
    "code" : "sys",
    "name" : "系统管理",
    "version" : 0,
    "isEnabled" : true,
    "remark" : "",
    "createdTime" : "2021-03-08T18:41:41",
    "createdBy" : 0,
    "createdByName" : "",
    "updatedTime" : "2021-03-08T21:16:32",
    "updatedBy" : 0,
    "updatedByName" : "",
    "leaf" : false,
    "icon" : "el-icon-menu",
    "path" : "xtgl",
    "parentId" : 0,
    "sort" : 1,
    "subMenuList" : [ {
      "id" : 2,
      "code" : "menu",
      "name" : "菜单管理",
      "version" : 0,
      "isEnabled" : true,
      "remark" : "",
      "createdTime" : "2021-03-08T18:41:41",
      "createdBy" : 0,
      "createdByName" : "",
      "updatedTime" : "2021-03-08T20:25:36",
      "updatedBy" : 0,
      "updatedByName" : "",
      "leaf" : true,
      "icon" : "gl",
      "path" : "/home/menu",
      "parentId" : 1,
      "sort" : 10,
      "subMenuList" : null,
      "hasSubMenu" : false
    }, {
      "id" : 5,
      "code" : "account",
      "name" : "账号管理",
      "version" : 0,
      "isEnabled" : true,
      "remark" : "",
      "createdTime" : "2021-03-08T18:41:41",
      "createdBy" : 0,
      "createdByName" : "",
      "updatedTime" : "2021-03-08T20:25:36",
      "updatedBy" : 0,
      "updatedByName" : "",
      "leaf" : true,
      "icon" : "gl",
      "path" : "/home/account",
      "parentId" : 1,
      "sort" : 11,
      "subMenuList" : null,
      "hasSubMenu" : false
    }, {
      "id" : 6,
      "code" : "autoCode",
      "name" : "生成代码",
      "version" : 0,
      "isEnabled" : true,
      "remark" : "",
      "createdTime" : "2021-03-08T18:41:41",
      "createdBy" : 0,
      "createdByName" : "",
      "updatedTime" : "2021-03-09T19:43:56",
      "updatedBy" : 0,
      "updatedByName" : "",
      "leaf" : true,
      "icon" : "el-icon-menu",
      "path" : "/home/autoCode",
      "parentId" : 1,
      "sort" : 12,
      "subMenuList" : null,
      "hasSubMenu" : false
    }, {
      "id" : 7,
      "code" : "staff",
      "name" : "人员表单",
      "version" : 0,
      "isEnabled" : true,
      "remark" : "",
      "createdTime" : "2021-03-08T18:41:41",
      "createdBy" : 0,
      "createdByName" : "",
      "updatedTime" : "2021-03-16T14:36:05",
      "updatedBy" : 0,
      "updatedByName" : "",
      "leaf" : true,
      "icon" : "el-icon-menu",
      "path" : "/home/formView",
      "parentId" : 1,
      "sort" : 13,
      "subMenuList" : null,
      "hasSubMenu" : false
    } ],
    "hasSubMenu" : true
  }, {
    "id" : 3,
    "code" : "basic",
    "name" : "基础管理",
    "version" : 0,
    "isEnabled" : true,
    "remark" : "",
    "createdTime" : "2021-03-08T18:41:41",
    "createdBy" : 0,
    "createdByName" : "",
    "updatedTime" : "2021-03-08T21:16:35",
    "updatedBy" : 0,
    "updatedByName" : "",
    "leaf" : false,
    "icon" : "el-icon-menu",
    "path" : "basic",
    "parentId" : 0,
    "sort" : 2,
    "subMenuList" : [ {
      "id" : 4,
      "code" : "staff",
      "name" : "人员管理",
      "version" : 0,
      "isEnabled" : true,
      "remark" : "",
      "createdTime" : "2021-03-08T18:41:41",
      "createdBy" : 0,
      "createdByName" : "",
      "updatedTime" : "2021-03-08T20:25:43",
      "updatedBy" : 0,
      "updatedByName" : "",
      "leaf" : true,
      "icon" : "gl",
      "path" : "/home/staff",
      "parentId" : 3,
      "sort" : 20,
      "subMenuList" : null,
      "hasSubMenu" : false
    } ],
    "hasSubMenu" : true
  }, {
    "id" : 8,
    "code" : "config",
    "name" : "配置管理",
    "version" : 0,
    "isEnabled" : true,
    "remark" : "",
    "createdTime" : "2021-03-08T18:41:41",
    "createdBy" : 0,
    "createdByName" : "",
    "updatedTime" : "2021-03-08T21:16:32",
    "updatedBy" : 0,
    "updatedByName" : "",
    "leaf" : false,
    "icon" : "el-icon-menu",
    "path" : "config",
    "parentId" : 0,
    "sort" : 3,
    "subMenuList" : [ {
      "id" : 9,
      "code" : "configView",
      "name" : "页面配置",
      "version" : 0,
      "isEnabled" : true,
      "remark" : "",
      "createdTime" : "2021-03-08T18:41:41",
      "createdBy" : 0,
      "createdByName" : "",
      "updatedTime" : "2021-03-08T21:16:32",
      "updatedBy" : 0,
      "updatedByName" : "",
      "leaf" : true,
      "icon" : "el-icon-menu",
      "path" : "/home/configView",
      "parentId" : 8,
      "sort" : 30,
      "subMenuList" : null,
      "hasSubMenu" : false
    } ],
    "hasSubMenu" : true
  } ],
  "exception" : null,
  "bizInfo" : null,
  "success" : true,
  "fail" : false
}
2021-12-16 11:11:37,748 [http-nio-8504-exec-3] INFO  -[AccoutSessionManager.java:41]- 使用从header获取sessionID为: b1b3bbcd-fcff-45be-bac4-63606763c47f
2021-12-16 11:11:37,883 [http-nio-8504-exec-2] INFO  -[AccoutSessionManager.java:41]- 使用从header获取sessionID为: b1b3bbcd-fcff-45be-bac4-63606763c47f
2021-12-16 11:11:37,910 [http-nio-8504-exec-2] INFO  -[LogInterceptor.java:63]- URL            : http://127.0.0.1:8504/auth/web/access/login
2021-12-16 11:11:37,912 [http-nio-8504-exec-2] INFO  -[LogInterceptor.java:65]- HTTP Method    : GET
2021-12-16 11:11:37,912 [http-nio-8504-exec-2] INFO  -[LogInterceptor.java:67]- Class Method   : com.jx.agile.auth.controller.access.LoginController.login
2021-12-16 11:11:37,912 [http-nio-8504-exec-2] INFO  -[LogInterceptor.java:69]- IP     : 127.0.0.1
2021-12-16 11:11:37,912 [http-nio-8504-exec-2] INFO  -[LogInterceptor.java:71]- Request Args   : [ ]
2021-12-16 11:11:37,914 [http-nio-8504-exec-2] INFO  -[LogInterceptor.java:110]- IP:127.0.0.1,request-url【http://127.0.0.1:8504/auth/web/access/login】,Cost-Time：5,result:{
  "status" : 401,
  "message" : "您还未登录系统，请先登录！",
  "data" : null,
  "exception" : null,
  "bizInfo" : null,
  "success" : false,
  "fail" : true
}
2021-12-16 11:11:39,170 [http-nio-8504-exec-4] INFO  -[AccoutSessionManager.java:41]- 使用从header获取sessionID为: b1b3bbcd-fcff-45be-bac4-63606763c47f
2021-12-16 11:11:39,179 [http-nio-8504-exec-4] INFO  -[LogInterceptor.java:63]- URL            : http://127.0.0.1:8504/auth/web/access/doLogin
2021-12-16 11:11:39,179 [http-nio-8504-exec-4] INFO  -[LogInterceptor.java:65]- HTTP Method    : POST
2021-12-16 11:11:39,179 [http-nio-8504-exec-4] INFO  -[LogInterceptor.java:67]- Class Method   : com.jx.agile.auth.controller.access.LoginController.doLogin
2021-12-16 11:11:39,180 [http-nio-8504-exec-4] INFO  -[LogInterceptor.java:69]- IP     : 127.0.0.1
2021-12-16 11:11:39,180 [http-nio-8504-exec-4] INFO  -[LogInterceptor.java:71]- Request Args   : [ null, null, {
  "username" : null,
  "password" : null,
  "salt" : null,
  "user" : null
} ]
2021-12-16 11:11:39,192 [http-nio-8504-exec-4] INFO  -[LogInterceptor.java:110]- IP:127.0.0.1,request-url【http://127.0.0.1:8504/auth/web/access/doLogin】,Cost-Time：14,result:{
  "status" : 200,
  "message" : "操作成功",
  "data" : "659975d6-c832-4746-a6df-815e72e4f3d3",
  "exception" : null,
  "bizInfo" : null,
  "success" : true,
  "fail" : false
}
2021-12-16 11:11:40,537 [http-nio-8504-exec-7] INFO  -[AccoutSessionManager.java:41]- 使用从header获取sessionID为: 659975d6-c832-4746-a6df-815e72e4f3d3
2021-12-16 11:11:40,556 [http-nio-8504-exec-7] INFO  -[LogInterceptor.java:63]- URL            : http://127.0.0.1:8504/auth/web/menu/getAll
2021-12-16 11:11:40,557 [http-nio-8504-exec-7] INFO  -[LogInterceptor.java:65]- HTTP Method    : GET
2021-12-16 11:11:40,557 [http-nio-8504-exec-7] INFO  -[LogInterceptor.java:67]- Class Method   : com.jx.agile.auth.controller.menu.MenuController.getAll
2021-12-16 11:11:40,558 [http-nio-8504-exec-7] INFO  -[LogInterceptor.java:69]- IP     : 127.0.0.1
2021-12-16 11:11:40,558 [http-nio-8504-exec-7] INFO  -[LogInterceptor.java:71]- Request Args   : [ ]
2021-12-16 11:11:40,637 [http-nio-8504-exec-7] INFO  -[LogInterceptor.java:110]- IP:127.0.0.1,request-url【http://127.0.0.1:8504/auth/web/menu/getAll】,Cost-Time：79,result:{
  "status" : 200,
  "message" : "操作成功",
  "data" : [ {
    "id" : 1,
    "code" : "sys",
    "name" : "系统管理",
    "version" : 0,
    "isEnabled" : true,
    "remark" : "",
    "createdTime" : "2021-03-08T18:41:41",
    "createdBy" : 0,
    "createdByName" : "",
    "updatedTime" : "2021-03-08T21:16:32",
    "updatedBy" : 0,
    "updatedByName" : "",
    "leaf" : false,
    "icon" : "el-icon-menu",
    "path" : "xtgl",
    "parentId" : 0,
    "sort" : 1,
    "subMenuList" : [ {
      "id" : 2,
      "code" : "menu",
      "name" : "菜单管理",
      "version" : 0,
      "isEnabled" : true,
      "remark" : "",
      "createdTime" : "2021-03-08T18:41:41",
      "createdBy" : 0,
      "createdByName" : "",
      "updatedTime" : "2021-03-08T20:25:36",
      "updatedBy" : 0,
      "updatedByName" : "",
      "leaf" : true,
      "icon" : "gl",
      "path" : "/home/menu",
      "parentId" : 1,
      "sort" : 10,
      "subMenuList" : null,
      "hasSubMenu" : false
    }, {
      "id" : 5,
      "code" : "account",
      "name" : "账号管理",
      "version" : 0,
      "isEnabled" : true,
      "remark" : "",
      "createdTime" : "2021-03-08T18:41:41",
      "createdBy" : 0,
      "createdByName" : "",
      "updatedTime" : "2021-03-08T20:25:36",
      "updatedBy" : 0,
      "updatedByName" : "",
      "leaf" : true,
      "icon" : "gl",
      "path" : "/home/account",
      "parentId" : 1,
      "sort" : 11,
      "subMenuList" : null,
      "hasSubMenu" : false
    }, {
      "id" : 6,
      "code" : "autoCode",
      "name" : "生成代码",
      "version" : 0,
      "isEnabled" : true,
      "remark" : "",
      "createdTime" : "2021-03-08T18:41:41",
      "createdBy" : 0,
      "createdByName" : "",
      "updatedTime" : "2021-03-09T19:43:56",
      "updatedBy" : 0,
      "updatedByName" : "",
      "leaf" : true,
      "icon" : "el-icon-menu",
      "path" : "/home/autoCode",
      "parentId" : 1,
      "sort" : 12,
      "subMenuList" : null,
      "hasSubMenu" : false
    }, {
      "id" : 7,
      "code" : "staff",
      "name" : "人员表单",
      "version" : 0,
      "isEnabled" : true,
      "remark" : "",
      "createdTime" : "2021-03-08T18:41:41",
      "createdBy" : 0,
      "createdByName" : "",
      "updatedTime" : "2021-03-16T14:36:05",
      "updatedBy" : 0,
      "updatedByName" : "",
      "leaf" : true,
      "icon" : "el-icon-menu",
      "path" : "/home/formView",
      "parentId" : 1,
      "sort" : 13,
      "subMenuList" : null,
      "hasSubMenu" : false
    } ],
    "hasSubMenu" : true
  }, {
    "id" : 3,
    "code" : "basic",
    "name" : "基础管理",
    "version" : 0,
    "isEnabled" : true,
    "remark" : "",
    "createdTime" : "2021-03-08T18:41:41",
    "createdBy" : 0,
    "createdByName" : "",
    "updatedTime" : "2021-03-08T21:16:35",
    "updatedBy" : 0,
    "updatedByName" : "",
    "leaf" : false,
    "icon" : "el-icon-menu",
    "path" : "basic",
    "parentId" : 0,
    "sort" : 2,
    "subMenuList" : [ {
      "id" : 4,
      "code" : "staff",
      "name" : "人员管理",
      "version" : 0,
      "isEnabled" : true,
      "remark" : "",
      "createdTime" : "2021-03-08T18:41:41",
      "createdBy" : 0,
      "createdByName" : "",
      "updatedTime" : "2021-03-08T20:25:43",
      "updatedBy" : 0,
      "updatedByName" : "",
      "leaf" : true,
      "icon" : "gl",
      "path" : "/home/staff",
      "parentId" : 3,
      "sort" : 20,
      "subMenuList" : null,
      "hasSubMenu" : false
    } ],
    "hasSubMenu" : true
  }, {
    "id" : 8,
    "code" : "config",
    "name" : "配置管理",
    "version" : 0,
    "isEnabled" : true,
    "remark" : "",
    "createdTime" : "2021-03-08T18:41:41",
    "createdBy" : 0,
    "createdByName" : "",
    "updatedTime" : "2021-03-08T21:16:32",
    "updatedBy" : 0,
    "updatedByName" : "",
    "leaf" : false,
    "icon" : "el-icon-menu",
    "path" : "config",
    "parentId" : 0,
    "sort" : 3,
    "subMenuList" : [ {
      "id" : 9,
      "code" : "configView",
      "name" : "页面配置",
      "version" : 0,
      "isEnabled" : true,
      "remark" : "",
      "createdTime" : "2021-03-08T18:41:41",
      "createdBy" : 0,
      "createdByName" : "",
      "updatedTime" : "2021-03-08T21:16:32",
      "updatedBy" : 0,
      "updatedByName" : "",
      "leaf" : true,
      "icon" : "el-icon-menu",
      "path" : "/home/configView",
      "parentId" : 8,
      "sort" : 30,
      "subMenuList" : null,
      "hasSubMenu" : false
    } ],
    "hasSubMenu" : true
  } ],
  "exception" : null,
  "bizInfo" : null,
  "success" : true,
  "fail" : false
}
