2021-08-10 19:16:24,368 [main] INFO  -[SpringApplication.java:651]- No active profile set, falling back to default profiles: default
2021-08-10 19:16:38,850 [main] INFO  -[StartupInfoLogger.java:61]- Started AuthWebApplication in 17.236 seconds (JVM running for 21.213)
2021-08-10 19:17:37,212 [main] INFO  -[SpringApplication.java:651]- No active profile set, falling back to default profiles: default
2021-08-10 19:17:46,689 [main] INFO  -[StartupInfoLogger.java:61]- Started BasicWebApplication in 13.201 seconds (JVM running for 17.883)
2021-08-10 19:18:18,932 [main] INFO  -[SpringApplication.java:651]- No active profile set, falling back to default profiles: default
2021-08-10 19:19:14,140 [main] INFO  -[SpringApplication.java:651]- No active profile set, falling back to default profiles: default
2021-08-10 19:27:56,389 [main] INFO  -[SpringApplication.java:651]- No active profile set, falling back to default profiles: default
2021-08-10 19:33:05,723 [main] INFO  -[SpringApplication.java:651]- No active profile set, falling back to default profiles: default
2021-08-10 19:37:51,122 [main] INFO  -[SpringApplication.java:651]- No active profile set, falling back to default profiles: default
2021-08-10 19:38:08,494 [main] INFO  -[SpringApplication.java:651]- No active profile set, falling back to default profiles: default
2021-08-10 19:38:14,995 [main] INFO  -[StartupInfoLogger.java:61]- Started CommonWebApplication in 7.931 seconds (JVM running for 10.084)
2021-08-10 19:42:01,516 [http-nio-8504-exec-2] INFO  -[AccoutSessionManager.java:48]- 使用默认模式从cookie获取sessionID为: null
2021-08-10 19:42:01,757 [http-nio-8504-exec-2] INFO  -[LogInterceptor.java:63]- URL            : http://127.0.0.1:8504/auth/web/access/doLogin
2021-08-10 19:42:01,758 [http-nio-8504-exec-2] INFO  -[LogInterceptor.java:65]- HTTP Method    : POST
2021-08-10 19:42:01,765 [http-nio-8504-exec-2] INFO  -[LogInterceptor.java:67]- Class Method   : com.jx.agile.auth.controller.access.LoginController.doLogin
2021-08-10 19:42:01,766 [http-nio-8504-exec-2] INFO  -[LogInterceptor.java:69]- IP     : 127.0.0.1
2021-08-10 19:42:01,766 [http-nio-8504-exec-2] INFO  -[LogInterceptor.java:71]- Request Args   : [ null, null, {
  "username" : null,
  "password" : null,
  "salt" : null,
  "user" : null
} ]
2021-08-10 19:42:01,939 [http-nio-8504-exec-2] INFO  -[LogInterceptor.java:110]- IP:127.0.0.1,request-url【http://127.0.0.1:8504/auth/web/access/doLogin】,Cost-Time：232,result:{
  "status" : 200,
  "message" : "操作成功",
  "data" : "3f13d8f4-d027-495b-9d41-658a4ba0815d",
  "exception" : null,
  "bizInfo" : null,
  "fail" : false,
  "success" : true
}
2021-08-10 19:42:02,070 [http-nio-8504-exec-1] INFO  -[AccoutSessionManager.java:41]- 使用从header获取sessionID为: 3f13d8f4-d027-495b-9d41-658a4ba0815d
2021-08-10 19:42:02,085 [http-nio-8504-exec-1] INFO  -[LogInterceptor.java:63]- URL            : http://127.0.0.1:8504/auth/web/menu/getAll
2021-08-10 19:42:02,086 [http-nio-8504-exec-1] INFO  -[LogInterceptor.java:65]- HTTP Method    : GET
2021-08-10 19:42:02,086 [http-nio-8504-exec-1] INFO  -[LogInterceptor.java:67]- Class Method   : com.jx.agile.auth.controller.menu.MenuController.getAll
2021-08-10 19:42:02,086 [http-nio-8504-exec-1] INFO  -[LogInterceptor.java:69]- IP     : 127.0.0.1
2021-08-10 19:42:02,086 [http-nio-8504-exec-1] INFO  -[LogInterceptor.java:71]- Request Args   : [ ]
2021-08-10 19:42:02,746 [http-nio-8504-exec-1] INFO  -[LogInterceptor.java:110]- IP:127.0.0.1,request-url【http://127.0.0.1:8504/auth/web/menu/getAll】,Cost-Time：648,result:{
  "status" : 200,
  "message" : "操作成功",
  "data" : [ {
    "id" : 1,
    "code" : "sys",
    "name" : "系统管理",
    "version" : 0,
    "isEnabled" : true,
    "remark" : "",
    "createdTime" : "2021-03-08T18:41:41",
    "createdBy" : 0,
    "createdByName" : "",
    "updatedTime" : "2021-03-08T21:16:32",
    "updatedBy" : 0,
    "updatedByName" : "",
    "leaf" : false,
    "icon" : "el-icon-menu",
    "path" : "xtgl",
    "parentId" : 0,
    "sort" : 1,
    "subMenuList" : [ {
      "id" : 2,
      "code" : "menu",
      "name" : "菜单管理",
      "version" : 0,
      "isEnabled" : true,
      "remark" : "",
      "createdTime" : "2021-03-08T18:41:41",
      "createdBy" : 0,
      "createdByName" : "",
      "updatedTime" : "2021-03-08T20:25:36",
      "updatedBy" : 0,
      "updatedByName" : "",
      "leaf" : true,
      "icon" : "gl",
      "path" : "/home/menu",
      "parentId" : 1,
      "sort" : 10,
      "subMenuList" : null,
      "hasSubMenu" : false
    }, {
      "id" : 5,
      "code" : "account",
      "name" : "账号管理",
      "version" : 0,
      "isEnabled" : true,
      "remark" : "",
      "createdTime" : "2021-03-08T18:41:41",
      "createdBy" : 0,
      "createdByName" : "",
      "updatedTime" : "2021-03-08T20:25:36",
      "updatedBy" : 0,
      "updatedByName" : "",
      "leaf" : true,
      "icon" : "gl",
      "path" : "/home/account",
      "parentId" : 1,
      "sort" : 11,
      "subMenuList" : null,
      "hasSubMenu" : false
    }, {
      "id" : 6,
      "code" : "autoCode",
      "name" : "生成代码",
      "version" : 0,
      "isEnabled" : true,
      "remark" : "",
      "createdTime" : "2021-03-08T18:41:41",
      "createdBy" : 0,
      "createdByName" : "",
      "updatedTime" : "2021-03-09T19:43:56",
      "updatedBy" : 0,
      "updatedByName" : "",
      "leaf" : true,
      "icon" : "el-icon-menu",
      "path" : "/home/autoCode",
      "parentId" : 1,
      "sort" : 12,
      "subMenuList" : null,
      "hasSubMenu" : false
    }, {
      "id" : 7,
      "code" : "staff",
      "name" : "人员表单",
      "version" : 0,
      "isEnabled" : true,
      "remark" : "",
      "createdTime" : "2021-03-08T18:41:41",
      "createdBy" : 0,
      "createdByName" : "",
      "updatedTime" : "2021-03-16T14:36:05",
      "updatedBy" : 0,
      "updatedByName" : "",
      "leaf" : true,
      "icon" : "el-icon-menu",
      "path" : "/home/formView",
      "parentId" : 1,
      "sort" : 13,
      "subMenuList" : null,
      "hasSubMenu" : false
    } ],
    "hasSubMenu" : true
  }, {
    "id" : 3,
    "code" : "basic",
    "name" : "基础管理",
    "version" : 0,
    "isEnabled" : true,
    "remark" : "",
    "createdTime" : "2021-03-08T18:41:41",
    "createdBy" : 0,
    "createdByName" : "",
    "updatedTime" : "2021-03-08T21:16:35",
    "updatedBy" : 0,
    "updatedByName" : "",
    "leaf" : false,
    "icon" : "el-icon-menu",
    "path" : "basic",
    "parentId" : 0,
    "sort" : 2,
    "subMenuList" : [ {
      "id" : 4,
      "code" : "staff",
      "name" : "人员管理",
      "version" : 0,
      "isEnabled" : true,
      "remark" : "",
      "createdTime" : "2021-03-08T18:41:41",
      "createdBy" : 0,
      "createdByName" : "",
      "updatedTime" : "2021-03-08T20:25:43",
      "updatedBy" : 0,
      "updatedByName" : "",
      "leaf" : true,
      "icon" : "gl",
      "path" : "/home/staff",
      "parentId" : 3,
      "sort" : 20,
      "subMenuList" : null,
      "hasSubMenu" : false
    } ],
    "hasSubMenu" : true
  }, {
    "id" : 8,
    "code" : "config",
    "name" : "配置管理",
    "version" : 0,
    "isEnabled" : true,
    "remark" : "",
    "createdTime" : "2021-03-08T18:41:41",
    "createdBy" : 0,
    "createdByName" : "",
    "updatedTime" : "2021-03-08T21:16:32",
    "updatedBy" : 0,
    "updatedByName" : "",
    "leaf" : false,
    "icon" : "el-icon-menu",
    "path" : "config",
    "parentId" : 0,
    "sort" : 3,
    "subMenuList" : [ {
      "id" : 9,
      "code" : "configView",
      "name" : "页面配置",
      "version" : 0,
      "isEnabled" : true,
      "remark" : "",
      "createdTime" : "2021-03-08T18:41:41",
      "createdBy" : 0,
      "createdByName" : "",
      "updatedTime" : "2021-03-08T21:16:32",
      "updatedBy" : 0,
      "updatedByName" : "",
      "leaf" : true,
      "icon" : "el-icon-menu",
      "path" : "/home/configView",
      "parentId" : 8,
      "sort" : 30,
      "subMenuList" : null,
      "hasSubMenu" : false
    } ],
    "hasSubMenu" : true
  } ],
  "exception" : null,
  "bizInfo" : null,
  "fail" : false,
  "success" : true
}
2021-08-10 19:43:54,660 [http-nio-8504-exec-3] INFO  -[AccoutSessionManager.java:41]- 使用从header获取sessionID为: 3f13d8f4-d027-495b-9d41-658a4ba0815d
2021-08-10 19:43:54,672 [http-nio-8504-exec-3] INFO  -[LogInterceptor.java:63]- URL            : http://127.0.0.1:8504/auth/web/menu/getAll
2021-08-10 19:43:54,673 [http-nio-8504-exec-3] INFO  -[LogInterceptor.java:65]- HTTP Method    : GET
2021-08-10 19:43:54,675 [http-nio-8504-exec-3] INFO  -[LogInterceptor.java:67]- Class Method   : com.jx.agile.auth.controller.menu.MenuController.getAll
2021-08-10 19:43:54,675 [http-nio-8504-exec-3] INFO  -[LogInterceptor.java:69]- IP     : 127.0.0.1
2021-08-10 19:43:54,675 [http-nio-8504-exec-3] INFO  -[LogInterceptor.java:71]- Request Args   : [ ]
2021-08-10 19:43:54,707 [http-nio-8504-exec-3] INFO  -[LogInterceptor.java:110]- IP:127.0.0.1,request-url【http://127.0.0.1:8504/auth/web/menu/getAll】,Cost-Time：33,result:{
  "status" : 200,
  "message" : "操作成功",
  "data" : [ {
    "id" : 1,
    "code" : "sys",
    "name" : "系统管理",
    "version" : 0,
    "isEnabled" : true,
    "remark" : "",
    "createdTime" : "2021-03-08T18:41:41",
    "createdBy" : 0,
    "createdByName" : "",
    "updatedTime" : "2021-03-08T21:16:32",
    "updatedBy" : 0,
    "updatedByName" : "",
    "leaf" : false,
    "icon" : "el-icon-menu",
    "path" : "xtgl",
    "parentId" : 0,
    "sort" : 1,
    "subMenuList" : [ {
      "id" : 2,
      "code" : "menu",
      "name" : "菜单管理",
      "version" : 0,
      "isEnabled" : true,
      "remark" : "",
      "createdTime" : "2021-03-08T18:41:41",
      "createdBy" : 0,
      "createdByName" : "",
      "updatedTime" : "2021-03-08T20:25:36",
      "updatedBy" : 0,
      "updatedByName" : "",
      "leaf" : true,
      "icon" : "gl",
      "path" : "/home/menu",
      "parentId" : 1,
      "sort" : 10,
      "subMenuList" : null,
      "hasSubMenu" : false
    }, {
      "id" : 5,
      "code" : "account",
      "name" : "账号管理",
      "version" : 0,
      "isEnabled" : true,
      "remark" : "",
      "createdTime" : "2021-03-08T18:41:41",
      "createdBy" : 0,
      "createdByName" : "",
      "updatedTime" : "2021-03-08T20:25:36",
      "updatedBy" : 0,
      "updatedByName" : "",
      "leaf" : true,
      "icon" : "gl",
      "path" : "/home/account",
      "parentId" : 1,
      "sort" : 11,
      "subMenuList" : null,
      "hasSubMenu" : false
    }, {
      "id" : 6,
      "code" : "autoCode",
      "name" : "生成代码",
      "version" : 0,
      "isEnabled" : true,
      "remark" : "",
      "createdTime" : "2021-03-08T18:41:41",
      "createdBy" : 0,
      "createdByName" : "",
      "updatedTime" : "2021-03-09T19:43:56",
      "updatedBy" : 0,
      "updatedByName" : "",
      "leaf" : true,
      "icon" : "el-icon-menu",
      "path" : "/home/autoCode",
      "parentId" : 1,
      "sort" : 12,
      "subMenuList" : null,
      "hasSubMenu" : false
    }, {
      "id" : 7,
      "code" : "staff",
      "name" : "人员表单",
      "version" : 0,
      "isEnabled" : true,
      "remark" : "",
      "createdTime" : "2021-03-08T18:41:41",
      "createdBy" : 0,
      "createdByName" : "",
      "updatedTime" : "2021-03-16T14:36:05",
      "updatedBy" : 0,
      "updatedByName" : "",
      "leaf" : true,
      "icon" : "el-icon-menu",
      "path" : "/home/formView",
      "parentId" : 1,
      "sort" : 13,
      "subMenuList" : null,
      "hasSubMenu" : false
    } ],
    "hasSubMenu" : true
  }, {
    "id" : 3,
    "code" : "basic",
    "name" : "基础管理",
    "version" : 0,
    "isEnabled" : true,
    "remark" : "",
    "createdTime" : "2021-03-08T18:41:41",
    "createdBy" : 0,
    "createdByName" : "",
    "updatedTime" : "2021-03-08T21:16:35",
    "updatedBy" : 0,
    "updatedByName" : "",
    "leaf" : false,
    "icon" : "el-icon-menu",
    "path" : "basic",
    "parentId" : 0,
    "sort" : 2,
    "subMenuList" : [ {
      "id" : 4,
      "code" : "staff",
      "name" : "人员管理",
      "version" : 0,
      "isEnabled" : true,
      "remark" : "",
      "createdTime" : "2021-03-08T18:41:41",
      "createdBy" : 0,
      "createdByName" : "",
      "updatedTime" : "2021-03-08T20:25:43",
      "updatedBy" : 0,
      "updatedByName" : "",
      "leaf" : true,
      "icon" : "gl",
      "path" : "/home/staff",
      "parentId" : 3,
      "sort" : 20,
      "subMenuList" : null,
      "hasSubMenu" : false
    } ],
    "hasSubMenu" : true
  }, {
    "id" : 8,
    "code" : "config",
    "name" : "配置管理",
    "version" : 0,
    "isEnabled" : true,
    "remark" : "",
    "createdTime" : "2021-03-08T18:41:41",
    "createdBy" : 0,
    "createdByName" : "",
    "updatedTime" : "2021-03-08T21:16:32",
    "updatedBy" : 0,
    "updatedByName" : "",
    "leaf" : false,
    "icon" : "el-icon-menu",
    "path" : "config",
    "parentId" : 0,
    "sort" : 3,
    "subMenuList" : [ {
      "id" : 9,
      "code" : "configView",
      "name" : "页面配置",
      "version" : 0,
      "isEnabled" : true,
      "remark" : "",
      "createdTime" : "2021-03-08T18:41:41",
      "createdBy" : 0,
      "createdByName" : "",
      "updatedTime" : "2021-03-08T21:16:32",
      "updatedBy" : 0,
      "updatedByName" : "",
      "leaf" : true,
      "icon" : "el-icon-menu",
      "path" : "/home/configView",
      "parentId" : 8,
      "sort" : 30,
      "subMenuList" : null,
      "hasSubMenu" : false
    } ],
    "hasSubMenu" : true
  } ],
  "exception" : null,
  "bizInfo" : null,
  "fail" : false,
  "success" : true
}
